[1] 1
[1] 2
[1] 3
[1] 4
[1] 5
[1] 6
[1] 7
[1] 8
[1] 9
[1] 10
[1] 11
[1] 12
[1] 13
[1] 14
[1] 15
[1] 16
[1] 17
[1] 18
[1] 19
[1] 20
[1] 21
[1] 22
[1] 23
[1] 24
[1] 25
[1] 26
[1] 27
[1] 28
[1] 29
[1] 30
[1] 31
[1] 32
[1] 33
[1] 34
[1] 35
[1] 36
[1] 37
[1] 38
[1] 39
[1] 40
[1] 41
[1] 42
[1] 43
[1] 44
[1] 45
[1] 46
[1] 47
[1] 48
[1] 49
[1] 50
[1] 51
[1] 52
[1] 53
[1] 54
[1] 55
[1] 56
[1] 57
[1] 58
[1] 59
[1] 60
[1] 61
[1] 62
[1] 63
[1] 64
[1] 65
[1] 66
[1] 67
[1] 68
[1] 69
[1] 70
[1] 71
[1] 72
[1] 73
[1] 74
[1] 75
[1] 76
[1] 77
[1] 78
[1] 79
[1] 80
[1] 81
[1] 82
[1] 83
[1] 84
[1] 85
[1] 86
[1] 87
[1] 88
[1] 89
[1] 90
[1] 91
[1] 92
[1] 93
[1] 94
[1] 95
[1] 96
[1] 97
[1] 98
[1] 99
[1] 100
[1] 101
[1] 102
[1] 103
[1] 104
[1] 105
[1] 106
[1] 107
[1] 108
[1] 109
[1] 110
[1] 111
[1] 112
[1] 113
[1] 114
[1] 115
[1] 116
[1] 117
[1] 118
[1] 119
[1] 120
[1] 121
[1] 122
[1] 123
[1] 124
[1] 125
[1] 126
[1] 127
[1] 128
[1] 129
[1] 130
[1] 131
[1] 132
[1] 133
[1] 134
[1] 135
[1] 136
[1] 137
[1] 138
[1] 139
[1] 140
[1] 141
[1] 142
[1] 143
[1] 144
[1] 145
[1] 146
[1] 147
[1] 148
[1] 149
[1] 150
[1] 151
[1] 152
[1] 153
[1] 154
[1] 155
[1] 156
[1] 157
[1] 158
[1] 159
[1] 160
[1] 161
[1] 162
[1] 163
[1] 164
[1] 165
[1] 166
[1] 167
[1] 168
[1] 169
[1] 170
[1] 171
[1] 172
[1] 173
[1] 174
[1] 175
[1] 176
[1] 177
[1] 178
[1] 179
[1] 180
[1] 181
[1] 182
[1] 183
[1] 184
[1] 185
[1] 186
[1] 187
[1] 188
[1] 189
[1] 190
[1] 191
[1] 192
[1] 193
[1] 194
[1] 195
[1] 196
[1] 197
[1] 198
[1] 199
[1] 200
[1] 201
[1] 202
[1] 203
[1] 204
[1] 205
[1] 206
[1] 207
[1] 208
[1] 209
[1] 210
[1] 211
[1] 212
[1] 213
[1] 214
[1] 215
[1] 216
[1] 217
[1] 218
[1] 219
[1] 220
[1] 221
[1] 222
[1] 223
[1] 224
[1] 225
[1] 226
[1] 227
[1] 228
[1] 229
[1] 230
[1] 231
[1] 232
[1] 233
[1] 234
[1] 235
[1] 236
[1] 237
[1] 238
[1] 239
[1] 240
[1] 241
[1] 242
[1] 243
[1] 244
[1] 245
[1] 246
[1] 247
[1] 248
[1] 249
[1] 250
[1] 251
[1] 252
[1] 253
[1] 254
[1] 255
[1] 256
[1] 257
[1] 258
[1] 259
[1] 260
[1] 261
[1] 262
[1] 263
[1] 264
[1] 265
[1] 266
[1] 267
[1] 268
[1] 269
[1] 270
[1] 271
[1] 272
[1] 273
[1] 274
[1] 275
[1] 276
[1] 277
[1] 278
[1] 279
[1] 280
[1] 281
[1] 282
[1] 283
[1] 284
[1] 285
[1] 286
[1] 287
[1] 288
[1] 289
[1] 290
[1] 291
[1] 292
[1] 293
[1] 294
[1] 295
[1] 296
[1] 297
[1] 298
[1] 299
[1] 300
[1] 301
[1] 302
[1] 303
[1] 304
[1] 305
[1] 306
[1] 307
[1] 308
[1] 309
[1] 310
[1] 311
[1] 312
[1] 313
[1] 314
[1] 315
[1] 316
[1] 317
[1] 318
[1] 319
[1] 320
[1] 321
[1] 322
[1] 323
[1] 324
[1] 325
[1] 326
[1] 327
[1] 328
[1] 329
[1] 330
[1] 331
[1] 332
[1] 333
[1] 334
[1] 335
[1] 336
[1] 337
[1] 338
[1] 339
[1] 340
[1] 341
[1] 342
[1] 343
[1] 344
[1] 345
[1] 346
[1] 347
[1] 348
[1] 349
[1] 350
[1] 351
[1] 352
[1] 353
[1] 354
[1] 355
[1] 356
[1] 357
[1] 358
[1] 359
[1] 360
[1] 361
[1] 362
[1] 363
[1] 364
[1] 365
[1] 366
[1] 367
[1] 368
[1] 369
[1] 370
[1] 371
[1] 372
[1] 373
[1] 374
[1] 375
[1] 376
[1] 377
[1] 378
[1] 379
[1] 380
[1] 381
[1] 382
[1] 383
[1] 384
[1] 385
[1] 386
[1] 387
[1] 388
[1] 389
[1] 390
[1] 391
[1] 392
[1] 393
[1] 394
[1] 395
[1] 396
[1] 397
[1] 398
[1] 399
[1] 400
[1] 401
[1] 402
[1] 403
[1] 404
[1] 405
[1] 406
[1] 407
[1] 408
[1] 409
[1] 410
[1] 411
[1] 412
[1] 413
[1] 414
[1] 415
[1] 416
[1] 417
[1] 418
[1] 419
[1] 420
[1] 421
[1] 422
[1] 423
[1] 424
[1] 425
[1] 426
[1] 427
[1] 428
[1] 429
[1] 430
[1] 431
[1] 432
[1] 433
[1] 434
[1] 435
[1] 436
[1] 437
[1] 438
[1] 439
[1] 440
[1] 441
[1] 442
[1] 443
[1] 444
[1] 445
[1] 446
[1] 447
[1] 448
[1] 449
[1] 450
[1] 451
[1] 452
[1] 453
[1] 454
[1] 455
[1] 456
[1] 457
[1] 458
[1] 459
[1] 460
[1] 461
[1] 462
[1] 463
[1] 464
[1] 465
[1] 466
[1] 467
[1] 468
[1] 469
[1] 470
[1] 471
[1] 472
[1] 473
[1] 474
[1] 475
[1] 476
[1] 477
[1] 478
[1] 479
[1] 480
[1] 481
[1] 482
[1] 483
[1] 484
[1] 485
[1] 486
[1] 487
[1] 488
[1] 489
[1] 490
[1] 491
[1] 492
[1] 493
[1] 494
[1] 495
[1] 496
[1] 497
[1] 498
[1] 499
[1] 500
[1] 501
[1] 502
[1] 503
[1] 504
[1] 505
[1] 506
[1] 507
[1] 508
[1] 509
[1] 510
[1] 511
[1] 512
[1] 513
[1] 514
[1] 515
[1] 516
[1] 517
[1] 518
[1] 519
[1] 520
[1] 521
[1] 522
[1] 523
[1] 524
[1] 525
[1] 526
[1] 527
[1] 528
[1] 529
[1] 530
[1] 531
[1] 532
[1] 533
[1] 534
[1] 535
[1] 536
[1] 537
[1] 538
[1] 539
[1] 540
[1] 541
[1] 542
[1] 543
[1] 544
[1] 545
[1] 546
[1] 547
[1] 548
[1] 549
[1] 550
[1] 551
[1] 552
[1] 553
[1] 554
[1] 555
[1] 556
[1] 557
[1] 558
[1] 559
[1] 560
[1] 561
[1] 562
[1] 563
[1] 564
[1] 565
[1] 566
[1] 567
[1] 568
[1] 569
[1] 570
[1] 571
[1] 572
[1] 573
[1] 574
[1] 575
[1] 576
[1] 577
[1] 578
[1] 579
[1] 580
[1] 581
[1] 582
[1] 583
[1] 584
[1] 585
[1] 586
[1] 587
[1] 588
[1] 589
[1] 590
[1] 591
[1] 592
[1] 593
[1] 594
[1] 595
[1] 596
[1] 597
[1] 598
[1] 599
[1] 600
[1] 601
[1] 602
[1] 603
[1] 604
[1] 605
[1] 606
[1] 607
[1] 608
[1] 609
[1] 610
[1] 611
[1] 612
[1] 613
[1] 614
[1] 615
[1] 616
[1] 617
[1] 618
[1] 619
[1] 620
[1] 621
[1] 622
[1] 623
[1] 624
[1] 625
[1] 626
[1] 627
[1] 628
[1] 629
[1] 630
[1] 631
[1] 632
[1] 633
[1] 634
[1] 635
[1] 636
[1] 637
[1] 638
[1] 639
[1] 640
[1] 641
[1] 642
[1] 643
[1] 644
[1] 645
[1] 646
[1] 647
[1] 648
[1] 649
[1] 650
[1] 651
[1] 652
[1] 653
[1] 654
[1] 655
[1] 656
[1] 657
[1] 658
[1] 659
[1] 660
[1] 661
[1] 662
[1] 663
[1] 664
[1] 665
[1] 666
[1] 667
[1] 668
[1] 669
[1] 670
[1] 671
[1] 672
[1] 673
[1] 674
[1] 675
[1] 676
[1] 677
[1] 678
[1] 679
[1] 680
[1] 681
[1] 682
[1] 683
[1] 684
[1] 685
[1] 686
[1] 687
[1] 688
[1] 689
[1] 690
[1] 691
[1] 692
[1] 693
[1] 694
[1] 695
[1] 696
[1] 697
[1] 698
[1] 699
[1] 700
[1] 701
[1] 702
[1] 703
[1] 704
[1] 705
[1] 706
[1] 707
[1] 708
[1] 709
[1] 710
[1] 711
[1] 712
[1] 713
[1] 714
[1] 715
[1] 716
[1] 717
[1] 718
[1] 719
[1] 720
[1] 721
[1] 722
[1] 723
[1] 724
[1] 725
[1] 726
[1] 727
[1] 728
[1] 729
[1] 730
[1] 731
[1] 732
[1] 733
[1] 734
[1] 735
[1] 736
[1] 737
[1] 738
[1] 739
[1] 740
[1] 741
[1] 742
[1] 743
[1] 744
[1] 745
[1] 746
[1] 747
[1] 748
[1] 749
[1] 750
[1] 751
[1] 752
[1] 753
[1] 754
[1] 755
[1] 756
[1] 757
[1] 758
[1] 759
[1] 760
[1] 761
[1] 762
[1] 763
[1] 764
[1] 765
[1] 766
[1] 767
[1] 768
[1] 769
[1] 770
[1] 771
[1] 772
[1] 773
[1] 774
[1] 775
[1] 776
[1] 777
[1] 778
[1] 779
[1] 780
[1] 781
[1] 782
[1] 783
[1] 784
[1] 785
[1] 786
[1] 787
[1] 788
[1] 789
[1] 790
[1] 791
[1] 792
[1] 793
[1] 794
[1] 795
[1] 796
[1] 797
[1] 798
[1] 799
[1] 800
[1] 801
[1] 802
[1] 803
[1] 804
[1] 805
[1] 806
[1] 807
[1] 808
[1] 809
[1] 810
[1] 811
[1] 812
[1] 813
[1] 814
[1] 815
[1] 816
[1] 817
[1] 818
[1] 819
[1] 820
[1] 821
[1] 822
[1] 823
[1] 824
[1] 825
[1] 826
[1] 827
[1] 828
[1] 829
[1] 830
[1] 831
[1] 832
[1] 833
[1] 834
[1] 835
[1] 836
[1] 837
[1] 838
[1] 839
[1] 840
[1] 841
[1] 842
[1] 843
[1] 844
[1] 845
[1] 846
[1] 847
[1] 848
[1] 849
[1] 850
[1] 851
[1] 852
[1] 853
[1] 854
[1] 855
[1] 856
[1] 857
[1] 858
[1] 859
[1] 860
[1] 861
[1] 862
[1] 863
[1] 864
[1] 865
[1] 866
[1] 867
[1] 868
[1] 869
[1] 870
[1] 871
[1] 872
[1] 873
[1] 874
[1] 875
[1] 876
[1] 877
[1] 878
[1] 879
[1] 880
[1] 881
[1] 882
[1] 883
[1] 884
[1] 885
[1] 886
[1] 887
[1] 888
[1] 889
[1] 890
[1] 891
[1] 892
[1] 893
[1] 894
[1] 895
[1] 896
[1] 897
[1] 898
[1] 899
[1] 900
[1] 901
[1] 902
[1] 903
[1] 904
[1] 905
[1] 906
[1] 907
[1] 908
[1] 909
[1] 910
[1] 911
[1] 912
[1] 913
[1] 914
[1] 915
[1] 916
[1] 917
[1] 918
[1] 919
[1] 920
[1] 921
[1] 922
[1] 923
[1] 924
[1] 925
[1] 926
[1] 927
[1] 928
[1] 929
[1] 930
[1] 931
[1] 932
[1] 933
[1] 934
[1] 935
[1] 936
[1] 937
[1] 938
[1] 939
[1] 940
[1] 941
[1] 942
[1] 943
[1] 944
[1] 945
[1] 946
[1] 947
[1] 948
[1] 949
[1] 950
[1] 951
[1] 952
[1] 953
[1] 954
[1] 955
[1] 956
[1] 957
[1] 958
[1] 959
[1] 960
[1] 961
[1] 962
[1] 963
[1] 964
[1] 965
[1] 966
[1] 967
[1] 968
[1] 969
[1] 970
[1] 971
[1] 972
[1] 973
[1] 974
[1] 975
[1] 976
[1] 977
[1] 978
[1] 979
[1] 980
[1] 981
[1] 982
[1] 983
[1] 984
[1] 985
[1] 986
[1] 987
[1] 988
[1] 989
[1] 990
[1] 991
[1] 992
[1] 993
[1] 994
[1] 995
[1] 996
[1] 997
[1] 998
[1] 999
[1] 1000
[1] 1001
[1] 1002
[1] 1003
[1] 1004
[1] 1005
[1] 1006
[1] 1007
[1] 1008
[1] 1009
[1] 1010
[1] 1011
[1] 1012
[1] 1013
[1] 1014
[1] 1015
[1] 1016
[1] 1017
[1] 1018
[1] 1019
[1] 1020
[1] 1021
[1] 1022
[1] 1023
[1] 1024
[1] 1025
[1] 1026
[1] 1027
[1] 1028
[1] 1029
[1] 1030
[1] 1031
[1] 1032
[1] 1033
[1] 1034
[1] 1035
[1] 1036
[1] 1037
[1] 1038
[1] 1039
[1] 1040
[1] 1041
[1] 1042
[1] 1043
[1] 1044
[1] 1045
[1] 1046
[1] 1047
[1] 1048
[1] 1049
[1] 1050
[1] 1051
[1] 1052
[1] 1053
[1] 1054
[1] 1055
[1] 1056
[1] 1057
[1] 1058
[1] 1059
[1] 1060
[1] 1061
[1] 1062
[1] 1063
[1] 1064
[1] 1065
[1] 1066
[1] 1067
[1] 1068
[1] 1069
[1] 1070
[1] 1071
[1] 1072
[1] 1073
[1] 1074
[1] 1075
[1] 1076
[1] 1077
[1] 1078
[1] 1079
[1] 1080
[1] 1081
[1] 1082
[1] 1083
[1] 1084
[1] 1085
[1] 1086
[1] 1087
[1] 1088
[1] 1089
[1] 1090
[1] 1091
[1] 1092
[1] 1093
[1] 1094
[1] 1095
[1] 1096
[1] 1097
[1] 1098
[1] 1099
[1] 1100
[1] 1101
[1] 1102
[1] 1103
[1] 1104
[1] 1105
[1] 1106
[1] 1107
[1] 1108
[1] 1109
[1] 1110
[1] 1111
[1] 1112
[1] 1113
[1] 1114
[1] 1115
[1] 1116
[1] 1117
[1] 1118
[1] 1119
[1] 1120
[1] 1121
[1] 1122
[1] 1123
[1] 1124
[1] 1125
[1] 1126
[1] 1127
[1] 1128
[1] 1129
[1] 1130
[1] 1131
[1] 1132
[1] 1133
[1] 1134
[1] 1135
[1] 1136
[1] 1137
[1] 1138
[1] 1139
[1] 1140
[1] 1141
[1] 1142
[1] 1143
[1] 1144
[1] 1145
[1] 1146
[1] 1147
[1] 1148
[1] 1149
[1] 1150
[1] 1151
[1] 1152
[1] 1153
[1] 1154
[1] 1155
[1] 1156
[1] 1157
[1] 1158
[1] 1159
[1] 1160
[1] 1161
[1] 1162
[1] 1163
[1] 1164
[1] 1165
[1] 1166
[1] 1167
[1] 1168
[1] 1169
[1] 1170
[1] 1171
[1] 1172
[1] 1173
[1] 1174
[1] 1175
[1] 1176
[1] 1177
[1] 1178
[1] 1179
[1] 1180
[1] 1181
[1] 1182
[1] 1183
[1] 1184
[1] 1185
[1] 1186
[1] 1187
[1] 1188
[1] 1189
[1] 1190
[1] 1191
[1] 1192
[1] 1193
[1] 1194
[1] 1195
[1] 1196
[1] 1197
[1] 1198
[1] 1199
[1] 1200
[1] 1201
[1] 1202
[1] 1203
[1] 1204
[1] 1205
[1] 1206
[1] 1207
[1] 1208
[1] 1209
[1] 1210
[1] 1211
[1] 1212
[1] 1213
[1] 1214
[1] 1215
[1] 1216
[1] 1217
[1] 1218
[1] 1219
[1] 1220
[1] 1221
[1] 1222
[1] 1223
[1] 1224
[1] 1225
[1] 1226
[1] 1227
[1] 1228
[1] 1229
[1] 1230
[1] 1231
[1] 1232
[1] 1233
[1] 1234
[1] 1235
[1] 1236
[1] 1237
[1] 1238
[1] 1239
[1] 1240
[1] 1241
[1] 1242
[1] 1243
[1] 1244
[1] 1245
[1] 1246
[1] 1247
[1] 1248
[1] 1249
[1] 1250
[1] 1251
[1] 1252
[1] 1253
[1] 1254
[1] 1255
[1] 1256
[1] 1257
[1] 1258
[1] 1259
[1] 1260
[1] 1261
[1] 1262
[1] 1263
[1] 1264
[1] 1265
[1] 1266
[1] 1267
[1] 1268
[1] 1269
[1] 1270
[1] 1271
[1] 1272
[1] 1273
[1] 1274
[1] 1275
[1] 1276
[1] 1277
[1] 1278
[1] 1279
[1] 1280
[1] 1281
[1] 1282
[1] 1283
[1] 1284
[1] 1285
[1] 1286
[1] 1287
[1] 1288
[1] 1289
[1] 1290
[1] 1291
[1] 1292
[1] 1293
[1] 1294
[1] 1295
[1] 1296
[1] 1297
[1] 1298
[1] 1299
[1] 1300
[1] 1301
[1] 1302
[1] 1303
[1] 1304
[1] 1305
[1] 1306
[1] 1307
[1] 1308
[1] 1309
[1] 1310
[1] 1311
[1] 1312
[1] 1313
[1] 1314
[1] 1315
[1] 1316
[1] 1317
[1] 1318
[1] 1319
[1] 1320
[1] 1321
[1] 1322
[1] 1323
[1] 1324
[1] 1325
[1] 1326
[1] 1327
[1] 1328
[1] 1329
[1] 1330
[1] 1331
[1] 1332
[1] 1333
[1] 1334
[1] 1335
[1] 1336
[1] 1337
[1] 1338
[1] 1339
[1] 1340
[1] 1341
[1] 1342
[1] 1343
[1] 1344
[1] 1345
[1] 1346
[1] 1347
[1] 1348
[1] 1349
[1] 1350
[1] 1351
[1] 1352
[1] 1353
[1] 1354
[1] 1355
[1] 1356
[1] 1357
[1] 1358
[1] 1359
[1] 1360
[1] 1361
[1] 1362
[1] 1363
[1] 1364
[1] 1365
[1] 1366
[1] 1367
[1] 1368
[1] 1369
[1] 1370
[1] 1371
[1] 1372
[1] 1373
[1] 1374
[1] 1375
[1] 1376
[1] 1377
[1] 1378
[1] 1379
[1] 1380
[1] 1381
[1] 1382
[1] 1383
[1] 1384
[1] 1385
[1] 1386
[1] 1387
[1] 1388
[1] 1389
[1] 1390
[1] 1391
[1] 1392
[1] 1393
[1] 1394
[1] 1395
[1] 1396
[1] 1397
[1] 1398
[1] 1399
[1] 1400
[1] 1401
[1] 1402
[1] 1403
[1] 1404
[1] 1405
[1] 1406
[1] 1407
[1] 1408
[1] 1409
[1] 1410
[1] 1411
[1] 1412
[1] 1413
[1] 1414
[1] 1415
[1] 1416
[1] 1417
[1] 1418
[1] 1419
[1] 1420
[1] 1421
[1] 1422
[1] 1423
[1] 1424
[1] 1425
[1] 1426
[1] 1427
[1] 1428
[1] 1429
[1] 1430
[1] 1431
[1] 1432
[1] 1433
[1] 1434
[1] 1435
[1] 1436
[1] 1437
[1] 1438
[1] 1439
[1] 1440
[1] 1441
[1] 1442
[1] 1443
[1] 1444
[1] 1445
[1] 1446
[1] 1447
[1] 1448
[1] 1449
[1] 1450
[1] 1451
[1] 1452
[1] 1453
[1] 1454
[1] 1455
[1] 1456
[1] 1457
[1] 1458
[1] 1459
[1] 1460
[1] 1461
[1] 1462
[1] 1463
[1] 1464
[1] 1465
[1] 1466
[1] 1467
[1] 1468
[1] 1469
[1] 1470
[1] 1471
[1] 1472
[1] 1473
[1] 1474
[1] 1475
[1] 1476
[1] 1477
[1] 1478
[1] 1479
[1] 1480
[1] 1481
[1] 1482
[1] 1483
[1] 1484
[1] 1485
[1] 1486
[1] 1487
[1] 1488
[1] 1489
[1] 1490
[1] 1491
[1] 1492
[1] 1493
[1] 1494
[1] 1495
[1] 1496
[1] 1497
[1] 1498
[1] 1499
[1] 1500
x86_64
./myprog: ELF 64-bit LSB executable, x86-64, version 1 (SYSV), dynamically linked, interpreter /lib64/ld-linux-x86-64.so.2, for GNU/Linux 3.2.0, not stripped
Successfully copied ./myprog to ./output/1/myprog
Successfully copied ./myprog to ./output/2/myprog
Successfully copied ./myprog to ./output/3/myprog
Successfully copied ./myprog to ./output/4/myprog
Successfully copied ./myprog to ./output/5/myprog
Successfully copied ./myprog to ./output/6/myprog
Successfully copied ./myprog to ./output/7/myprog
Successfully copied ./myprog to ./output/8/myprog
Successfully copied ./myprog to ./output/9/myprog
Successfully copied ./myprog to ./output/10/myprog
Successfully copied ./myprog to ./output/11/myprog
Successfully copied ./myprog to ./output/12/myprog
Successfully copied ./myprog to ./output/13/myprog
Successfully copied ./myprog to ./output/14/myprog
Successfully copied ./myprog to ./output/15/myprog
Successfully copied ./myprog to ./output/16/myprog
Successfully copied ./myprog to ./output/17/myprog
Successfully copied ./myprog to ./output/18/myprog
Successfully copied ./myprog to ./output/19/myprog
Successfully copied ./myprog to ./output/20/myprog
Successfully copied ./myprog to ./output/21/myprog
Successfully copied ./myprog to ./output/22/myprog
Successfully copied ./myprog to ./output/23/myprog
Successfully copied ./myprog to ./output/24/myprog
Successfully copied ./myprog to ./output/25/myprog
Successfully copied ./myprog to ./output/26/myprog
Successfully copied ./myprog to ./output/27/myprog
Successfully copied ./myprog to ./output/28/myprog
Successfully copied ./myprog to ./output/29/myprog
Successfully copied ./myprog to ./output/30/myprog
Successfully copied ./myprog to ./output/31/myprog
Successfully copied ./myprog to ./output/32/myprog
Successfully copied ./myprog to ./output/33/myprog
Successfully copied ./myprog to ./output/34/myprog
Successfully copied ./myprog to ./output/35/myprog
Successfully copied ./myprog to ./output/36/myprog
Successfully copied ./myprog to ./output/37/myprog
Successfully copied ./myprog to ./output/38/myprog
Successfully copied ./myprog to ./output/39/myprog
Successfully copied ./myprog to ./output/40/myprog
Successfully copied ./myprog to ./output/41/myprog
Successfully copied ./myprog to ./output/42/myprog
Successfully copied ./myprog to ./output/43/myprog
Successfully copied ./myprog to ./output/44/myprog
Successfully copied ./myprog to ./output/45/myprog
Successfully copied ./myprog to ./output/46/myprog
Successfully copied ./myprog to ./output/47/myprog
Successfully copied ./myprog to ./output/48/myprog
Successfully copied ./myprog to ./output/49/myprog
Successfully copied ./myprog to ./output/50/myprog
Successfully copied ./myprog to ./output/51/myprog
Successfully copied ./myprog to ./output/52/myprog
Successfully copied ./myprog to ./output/53/myprog
Successfully copied ./myprog to ./output/54/myprog
Successfully copied ./myprog to ./output/55/myprog
Successfully copied ./myprog to ./output/56/myprog
Successfully copied ./myprog to ./output/57/myprog
Successfully copied ./myprog to ./output/58/myprog
Successfully copied ./myprog to ./output/59/myprog
Successfully copied ./myprog to ./output/60/myprog
Successfully copied ./myprog to ./output/61/myprog
Successfully copied ./myprog to ./output/62/myprog
Successfully copied ./myprog to ./output/63/myprog
Successfully copied ./myprog to ./output/64/myprog
Successfully copied ./myprog to ./output/65/myprog
Successfully copied ./myprog to ./output/66/myprog
Successfully copied ./myprog to ./output/67/myprog
Successfully copied ./myprog to ./output/68/myprog
Successfully copied ./myprog to ./output/69/myprog
Successfully copied ./myprog to ./output/70/myprog
Successfully copied ./myprog to ./output/71/myprog
Successfully copied ./myprog to ./output/72/myprog
Successfully copied ./myprog to ./output/73/myprog
Successfully copied ./myprog to ./output/74/myprog
Successfully copied ./myprog to ./output/75/myprog
Successfully copied ./myprog to ./output/76/myprog
Successfully copied ./myprog to ./output/77/myprog
Successfully copied ./myprog to ./output/78/myprog
Successfully copied ./myprog to ./output/79/myprog
Successfully copied ./myprog to ./output/80/myprog
Successfully copied ./myprog to ./output/81/myprog
Successfully copied ./myprog to ./output/82/myprog
Successfully copied ./myprog to ./output/83/myprog
Successfully copied ./myprog to ./output/84/myprog
Successfully copied ./myprog to ./output/85/myprog
Successfully copied ./myprog to ./output/86/myprog
Successfully copied ./myprog to ./output/87/myprog
Successfully copied ./myprog to ./output/88/myprog
Successfully copied ./myprog to ./output/89/myprog
Successfully copied ./myprog to ./output/90/myprog
Successfully copied ./myprog to ./output/91/myprog
Successfully copied ./myprog to ./output/92/myprog
Successfully copied ./myprog to ./output/93/myprog
Successfully copied ./myprog to ./output/94/myprog
Successfully copied ./myprog to ./output/95/myprog
Successfully copied ./myprog to ./output/96/myprog
Successfully copied ./myprog to ./output/97/myprog
Successfully copied ./myprog to ./output/98/myprog
Successfully copied ./myprog to ./output/99/myprog
Successfully copied ./myprog to ./output/100/myprog
Successfully copied ./myprog to ./output/101/myprog
Successfully copied ./myprog to ./output/102/myprog
Successfully copied ./myprog to ./output/103/myprog
Successfully copied ./myprog to ./output/104/myprog
Successfully copied ./myprog to ./output/105/myprog
Successfully copied ./myprog to ./output/106/myprog
Successfully copied ./myprog to ./output/107/myprog
Successfully copied ./myprog to ./output/108/myprog
Successfully copied ./myprog to ./output/109/myprog
Successfully copied ./myprog to ./output/110/myprog
Successfully copied ./myprog to ./output/111/myprog
Successfully copied ./myprog to ./output/112/myprog
Successfully copied ./myprog to ./output/113/myprog
Successfully copied ./myprog to ./output/114/myprog
Successfully copied ./myprog to ./output/115/myprog
Successfully copied ./myprog to ./output/116/myprog
Successfully copied ./myprog to ./output/117/myprog
Successfully copied ./myprog to ./output/118/myprog
Successfully copied ./myprog to ./output/119/myprog
Successfully copied ./myprog to ./output/120/myprog
Successfully copied ./myprog to ./output/121/myprog
Successfully copied ./myprog to ./output/122/myprog
Successfully copied ./myprog to ./output/123/myprog
Successfully copied ./myprog to ./output/124/myprog
Successfully copied ./myprog to ./output/125/myprog
Successfully copied ./myprog to ./output/126/myprog
Successfully copied ./myprog to ./output/127/myprog
Successfully copied ./myprog to ./output/128/myprog
Successfully copied ./myprog to ./output/129/myprog
Successfully copied ./myprog to ./output/130/myprog
Successfully copied ./myprog to ./output/131/myprog
Successfully copied ./myprog to ./output/132/myprog
Successfully copied ./myprog to ./output/133/myprog
Successfully copied ./myprog to ./output/134/myprog
Successfully copied ./myprog to ./output/135/myprog
Successfully copied ./myprog to ./output/136/myprog
Successfully copied ./myprog to ./output/137/myprog
Successfully copied ./myprog to ./output/138/myprog
Successfully copied ./myprog to ./output/139/myprog
Successfully copied ./myprog to ./output/140/myprog
Successfully copied ./myprog to ./output/141/myprog
Successfully copied ./myprog to ./output/142/myprog
Successfully copied ./myprog to ./output/143/myprog
Successfully copied ./myprog to ./output/144/myprog
Successfully copied ./myprog to ./output/145/myprog
Successfully copied ./myprog to ./output/146/myprog
Successfully copied ./myprog to ./output/147/myprog
Successfully copied ./myprog to ./output/148/myprog
Successfully copied ./myprog to ./output/149/myprog
Successfully copied ./myprog to ./output/150/myprog
Successfully copied ./myprog to ./output/151/myprog
Successfully copied ./myprog to ./output/152/myprog
Successfully copied ./myprog to ./output/153/myprog
Successfully copied ./myprog to ./output/154/myprog
Successfully copied ./myprog to ./output/155/myprog
Successfully copied ./myprog to ./output/156/myprog
Successfully copied ./myprog to ./output/157/myprog
Successfully copied ./myprog to ./output/158/myprog
Successfully copied ./myprog to ./output/159/myprog
Successfully copied ./myprog to ./output/160/myprog
Successfully copied ./myprog to ./output/161/myprog
Successfully copied ./myprog to ./output/162/myprog
Successfully copied ./myprog to ./output/163/myprog
Successfully copied ./myprog to ./output/164/myprog
Successfully copied ./myprog to ./output/165/myprog
Successfully copied ./myprog to ./output/166/myprog
Successfully copied ./myprog to ./output/167/myprog
Successfully copied ./myprog to ./output/168/myprog
Successfully copied ./myprog to ./output/169/myprog
Successfully copied ./myprog to ./output/170/myprog
Successfully copied ./myprog to ./output/171/myprog
Successfully copied ./myprog to ./output/172/myprog
Successfully copied ./myprog to ./output/173/myprog
Successfully copied ./myprog to ./output/174/myprog
Successfully copied ./myprog to ./output/175/myprog
Successfully copied ./myprog to ./output/176/myprog
Successfully copied ./myprog to ./output/177/myprog
Successfully copied ./myprog to ./output/178/myprog
Successfully copied ./myprog to ./output/179/myprog
Successfully copied ./myprog to ./output/180/myprog
Successfully copied ./myprog to ./output/181/myprog
Successfully copied ./myprog to ./output/182/myprog
Successfully copied ./myprog to ./output/183/myprog
Successfully copied ./myprog to ./output/184/myprog
Successfully copied ./myprog to ./output/185/myprog
Successfully copied ./myprog to ./output/186/myprog
Successfully copied ./myprog to ./output/187/myprog
Successfully copied ./myprog to ./output/188/myprog
Successfully copied ./myprog to ./output/189/myprog
Successfully copied ./myprog to ./output/190/myprog
Successfully copied ./myprog to ./output/191/myprog
Successfully copied ./myprog to ./output/192/myprog
Successfully copied ./myprog to ./output/193/myprog
Successfully copied ./myprog to ./output/194/myprog
Successfully copied ./myprog to ./output/195/myprog
Successfully copied ./myprog to ./output/196/myprog
Successfully copied ./myprog to ./output/197/myprog
Successfully copied ./myprog to ./output/198/myprog
Successfully copied ./myprog to ./output/199/myprog
Successfully copied ./myprog to ./output/200/myprog
Successfully copied ./myprog to ./output/201/myprog
Successfully copied ./myprog to ./output/202/myprog
Successfully copied ./myprog to ./output/203/myprog
Successfully copied ./myprog to ./output/204/myprog
Successfully copied ./myprog to ./output/205/myprog
Successfully copied ./myprog to ./output/206/myprog
Successfully copied ./myprog to ./output/207/myprog
Successfully copied ./myprog to ./output/208/myprog
Successfully copied ./myprog to ./output/209/myprog
Successfully copied ./myprog to ./output/210/myprog
Successfully copied ./myprog to ./output/211/myprog
Successfully copied ./myprog to ./output/212/myprog
Successfully copied ./myprog to ./output/213/myprog
Successfully copied ./myprog to ./output/214/myprog
Successfully copied ./myprog to ./output/215/myprog
Successfully copied ./myprog to ./output/216/myprog
Successfully copied ./myprog to ./output/217/myprog
Successfully copied ./myprog to ./output/218/myprog
Successfully copied ./myprog to ./output/219/myprog
Successfully copied ./myprog to ./output/220/myprog
Successfully copied ./myprog to ./output/221/myprog
Successfully copied ./myprog to ./output/222/myprog
Successfully copied ./myprog to ./output/223/myprog
Successfully copied ./myprog to ./output/224/myprog
Successfully copied ./myprog to ./output/225/myprog
Successfully copied ./myprog to ./output/226/myprog
Successfully copied ./myprog to ./output/227/myprog
Successfully copied ./myprog to ./output/228/myprog
Successfully copied ./myprog to ./output/229/myprog
Successfully copied ./myprog to ./output/230/myprog
Successfully copied ./myprog to ./output/231/myprog
Successfully copied ./myprog to ./output/232/myprog
Successfully copied ./myprog to ./output/233/myprog
Successfully copied ./myprog to ./output/234/myprog
Successfully copied ./myprog to ./output/235/myprog
Successfully copied ./myprog to ./output/236/myprog
Successfully copied ./myprog to ./output/237/myprog
Successfully copied ./myprog to ./output/238/myprog
Successfully copied ./myprog to ./output/239/myprog
Successfully copied ./myprog to ./output/240/myprog
Successfully copied ./myprog to ./output/241/myprog
Successfully copied ./myprog to ./output/242/myprog
Successfully copied ./myprog to ./output/243/myprog
Successfully copied ./myprog to ./output/244/myprog
Successfully copied ./myprog to ./output/245/myprog
Successfully copied ./myprog to ./output/246/myprog
Successfully copied ./myprog to ./output/247/myprog
Successfully copied ./myprog to ./output/248/myprog
Successfully copied ./myprog to ./output/249/myprog
Successfully copied ./myprog to ./output/250/myprog
Successfully copied ./myprog to ./output/251/myprog
Successfully copied ./myprog to ./output/252/myprog
Successfully copied ./myprog to ./output/253/myprog
Successfully copied ./myprog to ./output/254/myprog
Successfully copied ./myprog to ./output/255/myprog
Successfully copied ./myprog to ./output/256/myprog
Successfully copied ./myprog to ./output/257/myprog
Successfully copied ./myprog to ./output/258/myprog
Successfully copied ./myprog to ./output/259/myprog
Successfully copied ./myprog to ./output/260/myprog
Successfully copied ./myprog to ./output/261/myprog
Successfully copied ./myprog to ./output/262/myprog
Successfully copied ./myprog to ./output/263/myprog
Successfully copied ./myprog to ./output/264/myprog
Successfully copied ./myprog to ./output/265/myprog
Successfully copied ./myprog to ./output/266/myprog
Successfully copied ./myprog to ./output/267/myprog
Successfully copied ./myprog to ./output/268/myprog
Successfully copied ./myprog to ./output/269/myprog
Successfully copied ./myprog to ./output/270/myprog
Successfully copied ./myprog to ./output/271/myprog
Successfully copied ./myprog to ./output/272/myprog
Successfully copied ./myprog to ./output/273/myprog
Successfully copied ./myprog to ./output/274/myprog
Successfully copied ./myprog to ./output/275/myprog
Successfully copied ./myprog to ./output/276/myprog
Successfully copied ./myprog to ./output/277/myprog
Successfully copied ./myprog to ./output/278/myprog
Successfully copied ./myprog to ./output/279/myprog
Successfully copied ./myprog to ./output/280/myprog
Successfully copied ./myprog to ./output/281/myprog
Successfully copied ./myprog to ./output/282/myprog
Successfully copied ./myprog to ./output/283/myprog
Successfully copied ./myprog to ./output/284/myprog
Successfully copied ./myprog to ./output/285/myprog
Successfully copied ./myprog to ./output/286/myprog
Successfully copied ./myprog to ./output/287/myprog
Successfully copied ./myprog to ./output/288/myprog
Successfully copied ./myprog to ./output/289/myprog
Successfully copied ./myprog to ./output/290/myprog
Successfully copied ./myprog to ./output/291/myprog
Successfully copied ./myprog to ./output/292/myprog
Successfully copied ./myprog to ./output/293/myprog
Successfully copied ./myprog to ./output/294/myprog
Successfully copied ./myprog to ./output/295/myprog
Successfully copied ./myprog to ./output/296/myprog
Successfully copied ./myprog to ./output/297/myprog
Successfully copied ./myprog to ./output/298/myprog
Successfully copied ./myprog to ./output/299/myprog
Successfully copied ./myprog to ./output/300/myprog
Successfully copied ./myprog to ./output/301/myprog
Successfully copied ./myprog to ./output/302/myprog
Successfully copied ./myprog to ./output/303/myprog
Successfully copied ./myprog to ./output/304/myprog
Successfully copied ./myprog to ./output/305/myprog
Successfully copied ./myprog to ./output/306/myprog
Successfully copied ./myprog to ./output/307/myprog
Successfully copied ./myprog to ./output/308/myprog
Successfully copied ./myprog to ./output/309/myprog
Successfully copied ./myprog to ./output/310/myprog
Successfully copied ./myprog to ./output/311/myprog
Successfully copied ./myprog to ./output/312/myprog
Successfully copied ./myprog to ./output/313/myprog
Successfully copied ./myprog to ./output/314/myprog
Successfully copied ./myprog to ./output/315/myprog
Successfully copied ./myprog to ./output/316/myprog
Successfully copied ./myprog to ./output/317/myprog
Successfully copied ./myprog to ./output/318/myprog
Successfully copied ./myprog to ./output/319/myprog
Successfully copied ./myprog to ./output/320/myprog
Successfully copied ./myprog to ./output/321/myprog
Successfully copied ./myprog to ./output/322/myprog
Successfully copied ./myprog to ./output/323/myprog
Successfully copied ./myprog to ./output/324/myprog
Successfully copied ./myprog to ./output/325/myprog
Successfully copied ./myprog to ./output/326/myprog
Successfully copied ./myprog to ./output/327/myprog
Successfully copied ./myprog to ./output/328/myprog
Successfully copied ./myprog to ./output/329/myprog
Successfully copied ./myprog to ./output/330/myprog
Successfully copied ./myprog to ./output/331/myprog
Successfully copied ./myprog to ./output/332/myprog
Successfully copied ./myprog to ./output/333/myprog
Successfully copied ./myprog to ./output/334/myprog
Successfully copied ./myprog to ./output/335/myprog
Successfully copied ./myprog to ./output/336/myprog
Successfully copied ./myprog to ./output/337/myprog
Successfully copied ./myprog to ./output/338/myprog
Successfully copied ./myprog to ./output/339/myprog
Successfully copied ./myprog to ./output/340/myprog
Successfully copied ./myprog to ./output/341/myprog
Successfully copied ./myprog to ./output/342/myprog
Successfully copied ./myprog to ./output/343/myprog
Successfully copied ./myprog to ./output/344/myprog
Successfully copied ./myprog to ./output/345/myprog
Successfully copied ./myprog to ./output/346/myprog
Successfully copied ./myprog to ./output/347/myprog
Successfully copied ./myprog to ./output/348/myprog
Successfully copied ./myprog to ./output/349/myprog
Successfully copied ./myprog to ./output/350/myprog
Successfully copied ./myprog to ./output/351/myprog
Successfully copied ./myprog to ./output/352/myprog
Successfully copied ./myprog to ./output/353/myprog
Successfully copied ./myprog to ./output/354/myprog
Successfully copied ./myprog to ./output/355/myprog
Successfully copied ./myprog to ./output/356/myprog
Successfully copied ./myprog to ./output/357/myprog
Successfully copied ./myprog to ./output/358/myprog
Successfully copied ./myprog to ./output/359/myprog
Successfully copied ./myprog to ./output/360/myprog
Successfully copied ./myprog to ./output/361/myprog
Successfully copied ./myprog to ./output/362/myprog
Successfully copied ./myprog to ./output/363/myprog
Successfully copied ./myprog to ./output/364/myprog
Successfully copied ./myprog to ./output/365/myprog
Successfully copied ./myprog to ./output/366/myprog
Successfully copied ./myprog to ./output/367/myprog
Successfully copied ./myprog to ./output/368/myprog
Successfully copied ./myprog to ./output/369/myprog
Successfully copied ./myprog to ./output/370/myprog
Successfully copied ./myprog to ./output/371/myprog
Successfully copied ./myprog to ./output/372/myprog
Successfully copied ./myprog to ./output/373/myprog
Successfully copied ./myprog to ./output/374/myprog
Successfully copied ./myprog to ./output/375/myprog
Successfully copied ./myprog to ./output/376/myprog
Successfully copied ./myprog to ./output/377/myprog
Successfully copied ./myprog to ./output/378/myprog
Successfully copied ./myprog to ./output/379/myprog
Successfully copied ./myprog to ./output/380/myprog
Successfully copied ./myprog to ./output/381/myprog
Successfully copied ./myprog to ./output/382/myprog
Successfully copied ./myprog to ./output/383/myprog
Successfully copied ./myprog to ./output/384/myprog
Successfully copied ./myprog to ./output/385/myprog
Successfully copied ./myprog to ./output/386/myprog
Successfully copied ./myprog to ./output/387/myprog
Successfully copied ./myprog to ./output/388/myprog
Successfully copied ./myprog to ./output/389/myprog
Successfully copied ./myprog to ./output/390/myprog
Successfully copied ./myprog to ./output/391/myprog
Successfully copied ./myprog to ./output/392/myprog
Successfully copied ./myprog to ./output/393/myprog
Successfully copied ./myprog to ./output/394/myprog
Successfully copied ./myprog to ./output/395/myprog
Successfully copied ./myprog to ./output/396/myprog
Successfully copied ./myprog to ./output/397/myprog
Successfully copied ./myprog to ./output/398/myprog
Successfully copied ./myprog to ./output/399/myprog
Successfully copied ./myprog to ./output/400/myprog
Successfully copied ./myprog to ./output/401/myprog
Successfully copied ./myprog to ./output/402/myprog
Successfully copied ./myprog to ./output/403/myprog
Successfully copied ./myprog to ./output/404/myprog
Successfully copied ./myprog to ./output/405/myprog
Successfully copied ./myprog to ./output/406/myprog
Successfully copied ./myprog to ./output/407/myprog
Successfully copied ./myprog to ./output/408/myprog
Successfully copied ./myprog to ./output/409/myprog
Successfully copied ./myprog to ./output/410/myprog
Successfully copied ./myprog to ./output/411/myprog
Successfully copied ./myprog to ./output/412/myprog
Successfully copied ./myprog to ./output/413/myprog
Successfully copied ./myprog to ./output/414/myprog
Successfully copied ./myprog to ./output/415/myprog
Successfully copied ./myprog to ./output/416/myprog
Successfully copied ./myprog to ./output/417/myprog
Successfully copied ./myprog to ./output/418/myprog
Successfully copied ./myprog to ./output/419/myprog
Successfully copied ./myprog to ./output/420/myprog
Successfully copied ./myprog to ./output/421/myprog
Successfully copied ./myprog to ./output/422/myprog
Successfully copied ./myprog to ./output/423/myprog
Successfully copied ./myprog to ./output/424/myprog
Successfully copied ./myprog to ./output/425/myprog
Successfully copied ./myprog to ./output/426/myprog
Successfully copied ./myprog to ./output/427/myprog
Successfully copied ./myprog to ./output/428/myprog
Successfully copied ./myprog to ./output/429/myprog
Successfully copied ./myprog to ./output/430/myprog
Successfully copied ./myprog to ./output/431/myprog
Successfully copied ./myprog to ./output/432/myprog
Successfully copied ./myprog to ./output/433/myprog
Successfully copied ./myprog to ./output/434/myprog
Successfully copied ./myprog to ./output/435/myprog
Successfully copied ./myprog to ./output/436/myprog
Successfully copied ./myprog to ./output/437/myprog
Successfully copied ./myprog to ./output/438/myprog
Successfully copied ./myprog to ./output/439/myprog
Successfully copied ./myprog to ./output/440/myprog
Successfully copied ./myprog to ./output/441/myprog
Successfully copied ./myprog to ./output/442/myprog
Successfully copied ./myprog to ./output/443/myprog
Successfully copied ./myprog to ./output/444/myprog
Successfully copied ./myprog to ./output/445/myprog
Successfully copied ./myprog to ./output/446/myprog
Successfully copied ./myprog to ./output/447/myprog
Successfully copied ./myprog to ./output/448/myprog
Successfully copied ./myprog to ./output/449/myprog
Successfully copied ./myprog to ./output/450/myprog
Successfully copied ./myprog to ./output/451/myprog
Successfully copied ./myprog to ./output/452/myprog
Successfully copied ./myprog to ./output/453/myprog
Successfully copied ./myprog to ./output/454/myprog
Successfully copied ./myprog to ./output/455/myprog
Successfully copied ./myprog to ./output/456/myprog
Successfully copied ./myprog to ./output/457/myprog
Successfully copied ./myprog to ./output/458/myprog
Successfully copied ./myprog to ./output/459/myprog
Successfully copied ./myprog to ./output/460/myprog
Successfully copied ./myprog to ./output/461/myprog
Successfully copied ./myprog to ./output/462/myprog
Successfully copied ./myprog to ./output/463/myprog
Successfully copied ./myprog to ./output/464/myprog
Successfully copied ./myprog to ./output/465/myprog
Successfully copied ./myprog to ./output/466/myprog
Successfully copied ./myprog to ./output/467/myprog
Successfully copied ./myprog to ./output/468/myprog
Successfully copied ./myprog to ./output/469/myprog
Successfully copied ./myprog to ./output/470/myprog
Successfully copied ./myprog to ./output/471/myprog
Successfully copied ./myprog to ./output/472/myprog
Successfully copied ./myprog to ./output/473/myprog
Successfully copied ./myprog to ./output/474/myprog
Successfully copied ./myprog to ./output/475/myprog
Successfully copied ./myprog to ./output/476/myprog
Successfully copied ./myprog to ./output/477/myprog
Successfully copied ./myprog to ./output/478/myprog
Successfully copied ./myprog to ./output/479/myprog
Successfully copied ./myprog to ./output/480/myprog
Successfully copied ./myprog to ./output/481/myprog
Successfully copied ./myprog to ./output/482/myprog
Successfully copied ./myprog to ./output/483/myprog
Successfully copied ./myprog to ./output/484/myprog
Successfully copied ./myprog to ./output/485/myprog
Successfully copied ./myprog to ./output/486/myprog
Successfully copied ./myprog to ./output/487/myprog
Successfully copied ./myprog to ./output/488/myprog
Successfully copied ./myprog to ./output/489/myprog
Successfully copied ./myprog to ./output/490/myprog
Successfully copied ./myprog to ./output/491/myprog
Successfully copied ./myprog to ./output/492/myprog
Successfully copied ./myprog to ./output/493/myprog
Successfully copied ./myprog to ./output/494/myprog
Successfully copied ./myprog to ./output/495/myprog
Successfully copied ./myprog to ./output/496/myprog
Successfully copied ./myprog to ./output/497/myprog
Successfully copied ./myprog to ./output/498/myprog
Successfully copied ./myprog to ./output/499/myprog
Successfully copied ./myprog to ./output/500/myprog
Successfully copied ./myprog to ./output/501/myprog
Successfully copied ./myprog to ./output/502/myprog
Successfully copied ./myprog to ./output/503/myprog
Successfully copied ./myprog to ./output/504/myprog
Successfully copied ./myprog to ./output/505/myprog
Successfully copied ./myprog to ./output/506/myprog
Successfully copied ./myprog to ./output/507/myprog
Successfully copied ./myprog to ./output/508/myprog
Successfully copied ./myprog to ./output/509/myprog
Successfully copied ./myprog to ./output/510/myprog
Successfully copied ./myprog to ./output/511/myprog
Successfully copied ./myprog to ./output/512/myprog
Successfully copied ./myprog to ./output/513/myprog
Successfully copied ./myprog to ./output/514/myprog
Successfully copied ./myprog to ./output/515/myprog
Successfully copied ./myprog to ./output/516/myprog
Successfully copied ./myprog to ./output/517/myprog
Successfully copied ./myprog to ./output/518/myprog
Successfully copied ./myprog to ./output/519/myprog
Successfully copied ./myprog to ./output/520/myprog
Successfully copied ./myprog to ./output/521/myprog
Successfully copied ./myprog to ./output/522/myprog
Successfully copied ./myprog to ./output/523/myprog
Successfully copied ./myprog to ./output/524/myprog
Successfully copied ./myprog to ./output/525/myprog
Successfully copied ./myprog to ./output/526/myprog
Successfully copied ./myprog to ./output/527/myprog
Successfully copied ./myprog to ./output/528/myprog
Successfully copied ./myprog to ./output/529/myprog
Successfully copied ./myprog to ./output/530/myprog
Successfully copied ./myprog to ./output/531/myprog
Successfully copied ./myprog to ./output/532/myprog
Successfully copied ./myprog to ./output/533/myprog
Successfully copied ./myprog to ./output/534/myprog
Successfully copied ./myprog to ./output/535/myprog
Successfully copied ./myprog to ./output/536/myprog
Successfully copied ./myprog to ./output/537/myprog
Successfully copied ./myprog to ./output/538/myprog
Successfully copied ./myprog to ./output/539/myprog
Successfully copied ./myprog to ./output/540/myprog
Successfully copied ./myprog to ./output/541/myprog
Successfully copied ./myprog to ./output/542/myprog
Successfully copied ./myprog to ./output/543/myprog
Successfully copied ./myprog to ./output/544/myprog
Successfully copied ./myprog to ./output/545/myprog
Successfully copied ./myprog to ./output/546/myprog
Successfully copied ./myprog to ./output/547/myprog
Successfully copied ./myprog to ./output/548/myprog
Successfully copied ./myprog to ./output/549/myprog
Successfully copied ./myprog to ./output/550/myprog
Successfully copied ./myprog to ./output/551/myprog
Successfully copied ./myprog to ./output/552/myprog
Successfully copied ./myprog to ./output/553/myprog
Successfully copied ./myprog to ./output/554/myprog
Successfully copied ./myprog to ./output/555/myprog
Successfully copied ./myprog to ./output/556/myprog
Successfully copied ./myprog to ./output/557/myprog
Successfully copied ./myprog to ./output/558/myprog
Successfully copied ./myprog to ./output/559/myprog
Successfully copied ./myprog to ./output/560/myprog
Successfully copied ./myprog to ./output/561/myprog
Successfully copied ./myprog to ./output/562/myprog
Successfully copied ./myprog to ./output/563/myprog
Successfully copied ./myprog to ./output/564/myprog
Successfully copied ./myprog to ./output/565/myprog
Successfully copied ./myprog to ./output/566/myprog
Successfully copied ./myprog to ./output/567/myprog
Successfully copied ./myprog to ./output/568/myprog
Successfully copied ./myprog to ./output/569/myprog
Successfully copied ./myprog to ./output/570/myprog
Successfully copied ./myprog to ./output/571/myprog
Successfully copied ./myprog to ./output/572/myprog
Successfully copied ./myprog to ./output/573/myprog
Successfully copied ./myprog to ./output/574/myprog
Successfully copied ./myprog to ./output/575/myprog
Successfully copied ./myprog to ./output/576/myprog
Successfully copied ./myprog to ./output/577/myprog
Successfully copied ./myprog to ./output/578/myprog
Successfully copied ./myprog to ./output/579/myprog
Successfully copied ./myprog to ./output/580/myprog
Successfully copied ./myprog to ./output/581/myprog
Successfully copied ./myprog to ./output/582/myprog
Successfully copied ./myprog to ./output/583/myprog
Successfully copied ./myprog to ./output/584/myprog
Successfully copied ./myprog to ./output/585/myprog
Successfully copied ./myprog to ./output/586/myprog
Successfully copied ./myprog to ./output/587/myprog
Successfully copied ./myprog to ./output/588/myprog
Successfully copied ./myprog to ./output/589/myprog
Successfully copied ./myprog to ./output/590/myprog
Successfully copied ./myprog to ./output/591/myprog
Successfully copied ./myprog to ./output/592/myprog
Successfully copied ./myprog to ./output/593/myprog
Successfully copied ./myprog to ./output/594/myprog
Successfully copied ./myprog to ./output/595/myprog
Successfully copied ./myprog to ./output/596/myprog
Successfully copied ./myprog to ./output/597/myprog
Successfully copied ./myprog to ./output/598/myprog
Successfully copied ./myprog to ./output/599/myprog
Successfully copied ./myprog to ./output/600/myprog
Successfully copied ./myprog to ./output/601/myprog
Successfully copied ./myprog to ./output/602/myprog
Successfully copied ./myprog to ./output/603/myprog
Successfully copied ./myprog to ./output/604/myprog
Successfully copied ./myprog to ./output/605/myprog
Successfully copied ./myprog to ./output/606/myprog
Successfully copied ./myprog to ./output/607/myprog
Successfully copied ./myprog to ./output/608/myprog
Successfully copied ./myprog to ./output/609/myprog
Successfully copied ./myprog to ./output/610/myprog
Successfully copied ./myprog to ./output/611/myprog
Successfully copied ./myprog to ./output/612/myprog
Successfully copied ./myprog to ./output/613/myprog
Successfully copied ./myprog to ./output/614/myprog
Successfully copied ./myprog to ./output/615/myprog
Successfully copied ./myprog to ./output/616/myprog
Successfully copied ./myprog to ./output/617/myprog
Successfully copied ./myprog to ./output/618/myprog
Successfully copied ./myprog to ./output/619/myprog
Successfully copied ./myprog to ./output/620/myprog
Successfully copied ./myprog to ./output/621/myprog
Successfully copied ./myprog to ./output/622/myprog
Successfully copied ./myprog to ./output/623/myprog
Successfully copied ./myprog to ./output/624/myprog
Successfully copied ./myprog to ./output/625/myprog
Successfully copied ./myprog to ./output/626/myprog
Successfully copied ./myprog to ./output/627/myprog
Successfully copied ./myprog to ./output/628/myprog
Successfully copied ./myprog to ./output/629/myprog
Successfully copied ./myprog to ./output/630/myprog
Successfully copied ./myprog to ./output/631/myprog
Successfully copied ./myprog to ./output/632/myprog
Successfully copied ./myprog to ./output/633/myprog
Successfully copied ./myprog to ./output/634/myprog
Successfully copied ./myprog to ./output/635/myprog
Successfully copied ./myprog to ./output/636/myprog
Successfully copied ./myprog to ./output/637/myprog
Successfully copied ./myprog to ./output/638/myprog
Successfully copied ./myprog to ./output/639/myprog
Successfully copied ./myprog to ./output/640/myprog
Successfully copied ./myprog to ./output/641/myprog
Successfully copied ./myprog to ./output/642/myprog
Successfully copied ./myprog to ./output/643/myprog
Successfully copied ./myprog to ./output/644/myprog
Successfully copied ./myprog to ./output/645/myprog
Successfully copied ./myprog to ./output/646/myprog
Successfully copied ./myprog to ./output/647/myprog
Successfully copied ./myprog to ./output/648/myprog
Successfully copied ./myprog to ./output/649/myprog
Successfully copied ./myprog to ./output/650/myprog
Successfully copied ./myprog to ./output/651/myprog
Successfully copied ./myprog to ./output/652/myprog
Successfully copied ./myprog to ./output/653/myprog
Successfully copied ./myprog to ./output/654/myprog
Successfully copied ./myprog to ./output/655/myprog
Successfully copied ./myprog to ./output/656/myprog
Successfully copied ./myprog to ./output/657/myprog
Successfully copied ./myprog to ./output/658/myprog
Successfully copied ./myprog to ./output/659/myprog
Successfully copied ./myprog to ./output/660/myprog
Successfully copied ./myprog to ./output/661/myprog
Successfully copied ./myprog to ./output/662/myprog
Successfully copied ./myprog to ./output/663/myprog
Successfully copied ./myprog to ./output/664/myprog
Successfully copied ./myprog to ./output/665/myprog
Successfully copied ./myprog to ./output/666/myprog
Successfully copied ./myprog to ./output/667/myprog
Successfully copied ./myprog to ./output/668/myprog
Successfully copied ./myprog to ./output/669/myprog
Successfully copied ./myprog to ./output/670/myprog
Successfully copied ./myprog to ./output/671/myprog
Successfully copied ./myprog to ./output/672/myprog
Successfully copied ./myprog to ./output/673/myprog
Successfully copied ./myprog to ./output/674/myprog
Successfully copied ./myprog to ./output/675/myprog
Successfully copied ./myprog to ./output/676/myprog
Successfully copied ./myprog to ./output/677/myprog
Successfully copied ./myprog to ./output/678/myprog
Successfully copied ./myprog to ./output/679/myprog
Successfully copied ./myprog to ./output/680/myprog
Successfully copied ./myprog to ./output/681/myprog
Successfully copied ./myprog to ./output/682/myprog
Successfully copied ./myprog to ./output/683/myprog
Successfully copied ./myprog to ./output/684/myprog
Successfully copied ./myprog to ./output/685/myprog
Successfully copied ./myprog to ./output/686/myprog
Successfully copied ./myprog to ./output/687/myprog
Successfully copied ./myprog to ./output/688/myprog
Successfully copied ./myprog to ./output/689/myprog
Successfully copied ./myprog to ./output/690/myprog
Successfully copied ./myprog to ./output/691/myprog
Successfully copied ./myprog to ./output/692/myprog
Successfully copied ./myprog to ./output/693/myprog
Successfully copied ./myprog to ./output/694/myprog
Successfully copied ./myprog to ./output/695/myprog
Successfully copied ./myprog to ./output/696/myprog
Successfully copied ./myprog to ./output/697/myprog
Successfully copied ./myprog to ./output/698/myprog
Successfully copied ./myprog to ./output/699/myprog
Successfully copied ./myprog to ./output/700/myprog
Successfully copied ./myprog to ./output/701/myprog
Successfully copied ./myprog to ./output/702/myprog
Successfully copied ./myprog to ./output/703/myprog
Successfully copied ./myprog to ./output/704/myprog
Successfully copied ./myprog to ./output/705/myprog
Successfully copied ./myprog to ./output/706/myprog
Successfully copied ./myprog to ./output/707/myprog
Successfully copied ./myprog to ./output/708/myprog
Successfully copied ./myprog to ./output/709/myprog
Successfully copied ./myprog to ./output/710/myprog
Successfully copied ./myprog to ./output/711/myprog
Successfully copied ./myprog to ./output/712/myprog
Successfully copied ./myprog to ./output/713/myprog
Successfully copied ./myprog to ./output/714/myprog
Successfully copied ./myprog to ./output/715/myprog
Successfully copied ./myprog to ./output/716/myprog
Successfully copied ./myprog to ./output/717/myprog
Successfully copied ./myprog to ./output/718/myprog
Successfully copied ./myprog to ./output/719/myprog
Successfully copied ./myprog to ./output/720/myprog
Successfully copied ./myprog to ./output/721/myprog
Successfully copied ./myprog to ./output/722/myprog
Successfully copied ./myprog to ./output/723/myprog
Successfully copied ./myprog to ./output/724/myprog
Successfully copied ./myprog to ./output/725/myprog
Successfully copied ./myprog to ./output/726/myprog
Successfully copied ./myprog to ./output/727/myprog
Successfully copied ./myprog to ./output/728/myprog
Successfully copied ./myprog to ./output/729/myprog
Successfully copied ./myprog to ./output/730/myprog
Successfully copied ./myprog to ./output/731/myprog
Successfully copied ./myprog to ./output/732/myprog
Successfully copied ./myprog to ./output/733/myprog
Successfully copied ./myprog to ./output/734/myprog
Successfully copied ./myprog to ./output/735/myprog
Successfully copied ./myprog to ./output/736/myprog
Successfully copied ./myprog to ./output/737/myprog
Successfully copied ./myprog to ./output/738/myprog
Successfully copied ./myprog to ./output/739/myprog
Successfully copied ./myprog to ./output/740/myprog
Successfully copied ./myprog to ./output/741/myprog
Successfully copied ./myprog to ./output/742/myprog
Successfully copied ./myprog to ./output/743/myprog
Successfully copied ./myprog to ./output/744/myprog
Successfully copied ./myprog to ./output/745/myprog
Successfully copied ./myprog to ./output/746/myprog
Successfully copied ./myprog to ./output/747/myprog
Successfully copied ./myprog to ./output/748/myprog
Successfully copied ./myprog to ./output/749/myprog
Successfully copied ./myprog to ./output/750/myprog
Successfully copied ./myprog to ./output/751/myprog
Successfully copied ./myprog to ./output/752/myprog
Successfully copied ./myprog to ./output/753/myprog
Successfully copied ./myprog to ./output/754/myprog
Successfully copied ./myprog to ./output/755/myprog
Successfully copied ./myprog to ./output/756/myprog
Successfully copied ./myprog to ./output/757/myprog
Successfully copied ./myprog to ./output/758/myprog
Successfully copied ./myprog to ./output/759/myprog
Successfully copied ./myprog to ./output/760/myprog
Successfully copied ./myprog to ./output/761/myprog
Successfully copied ./myprog to ./output/762/myprog
Successfully copied ./myprog to ./output/763/myprog
Successfully copied ./myprog to ./output/764/myprog
Successfully copied ./myprog to ./output/765/myprog
Successfully copied ./myprog to ./output/766/myprog
Successfully copied ./myprog to ./output/767/myprog
Successfully copied ./myprog to ./output/768/myprog
Successfully copied ./myprog to ./output/769/myprog
Successfully copied ./myprog to ./output/770/myprog
Successfully copied ./myprog to ./output/771/myprog
Successfully copied ./myprog to ./output/772/myprog
Successfully copied ./myprog to ./output/773/myprog
Successfully copied ./myprog to ./output/774/myprog
Successfully copied ./myprog to ./output/775/myprog
Successfully copied ./myprog to ./output/776/myprog
Successfully copied ./myprog to ./output/777/myprog
Successfully copied ./myprog to ./output/778/myprog
Successfully copied ./myprog to ./output/779/myprog
Successfully copied ./myprog to ./output/780/myprog
Successfully copied ./myprog to ./output/781/myprog
Successfully copied ./myprog to ./output/782/myprog
Successfully copied ./myprog to ./output/783/myprog
Successfully copied ./myprog to ./output/784/myprog
Successfully copied ./myprog to ./output/785/myprog
Successfully copied ./myprog to ./output/786/myprog
Successfully copied ./myprog to ./output/787/myprog
Successfully copied ./myprog to ./output/788/myprog
Successfully copied ./myprog to ./output/789/myprog
Successfully copied ./myprog to ./output/790/myprog
Successfully copied ./myprog to ./output/791/myprog
Successfully copied ./myprog to ./output/792/myprog
Successfully copied ./myprog to ./output/793/myprog
Successfully copied ./myprog to ./output/794/myprog
Successfully copied ./myprog to ./output/795/myprog
Successfully copied ./myprog to ./output/796/myprog
Successfully copied ./myprog to ./output/797/myprog
Successfully copied ./myprog to ./output/798/myprog
Successfully copied ./myprog to ./output/799/myprog
Successfully copied ./myprog to ./output/800/myprog
Successfully copied ./myprog to ./output/801/myprog
Successfully copied ./myprog to ./output/802/myprog
Successfully copied ./myprog to ./output/803/myprog
Successfully copied ./myprog to ./output/804/myprog
Successfully copied ./myprog to ./output/805/myprog
Successfully copied ./myprog to ./output/806/myprog
Successfully copied ./myprog to ./output/807/myprog
Successfully copied ./myprog to ./output/808/myprog
Successfully copied ./myprog to ./output/809/myprog
Successfully copied ./myprog to ./output/810/myprog
Successfully copied ./myprog to ./output/811/myprog
Successfully copied ./myprog to ./output/812/myprog
Successfully copied ./myprog to ./output/813/myprog
Successfully copied ./myprog to ./output/814/myprog
Successfully copied ./myprog to ./output/815/myprog
Successfully copied ./myprog to ./output/816/myprog
Successfully copied ./myprog to ./output/817/myprog
Successfully copied ./myprog to ./output/818/myprog
Successfully copied ./myprog to ./output/819/myprog
Successfully copied ./myprog to ./output/820/myprog
Successfully copied ./myprog to ./output/821/myprog
Successfully copied ./myprog to ./output/822/myprog
Successfully copied ./myprog to ./output/823/myprog
Successfully copied ./myprog to ./output/824/myprog
Successfully copied ./myprog to ./output/825/myprog
Successfully copied ./myprog to ./output/826/myprog
Successfully copied ./myprog to ./output/827/myprog
Successfully copied ./myprog to ./output/828/myprog
Successfully copied ./myprog to ./output/829/myprog
Successfully copied ./myprog to ./output/830/myprog
Successfully copied ./myprog to ./output/831/myprog
Successfully copied ./myprog to ./output/832/myprog
Successfully copied ./myprog to ./output/833/myprog
Successfully copied ./myprog to ./output/834/myprog
Successfully copied ./myprog to ./output/835/myprog
Successfully copied ./myprog to ./output/836/myprog
Successfully copied ./myprog to ./output/837/myprog
Successfully copied ./myprog to ./output/838/myprog
Successfully copied ./myprog to ./output/839/myprog
Successfully copied ./myprog to ./output/840/myprog
Successfully copied ./myprog to ./output/841/myprog
Successfully copied ./myprog to ./output/842/myprog
Successfully copied ./myprog to ./output/843/myprog
Successfully copied ./myprog to ./output/844/myprog
Successfully copied ./myprog to ./output/845/myprog
Successfully copied ./myprog to ./output/846/myprog
Successfully copied ./myprog to ./output/847/myprog
Successfully copied ./myprog to ./output/848/myprog
Successfully copied ./myprog to ./output/849/myprog
Successfully copied ./myprog to ./output/850/myprog
Successfully copied ./myprog to ./output/851/myprog
Successfully copied ./myprog to ./output/852/myprog
Successfully copied ./myprog to ./output/853/myprog
Successfully copied ./myprog to ./output/854/myprog
Successfully copied ./myprog to ./output/855/myprog
Successfully copied ./myprog to ./output/856/myprog
Successfully copied ./myprog to ./output/857/myprog
Successfully copied ./myprog to ./output/858/myprog
Successfully copied ./myprog to ./output/859/myprog
Successfully copied ./myprog to ./output/860/myprog
Successfully copied ./myprog to ./output/861/myprog
Successfully copied ./myprog to ./output/862/myprog
Successfully copied ./myprog to ./output/863/myprog
Successfully copied ./myprog to ./output/864/myprog
Successfully copied ./myprog to ./output/865/myprog
Successfully copied ./myprog to ./output/866/myprog
Successfully copied ./myprog to ./output/867/myprog
Successfully copied ./myprog to ./output/868/myprog
Successfully copied ./myprog to ./output/869/myprog
Successfully copied ./myprog to ./output/870/myprog
Successfully copied ./myprog to ./output/871/myprog
Successfully copied ./myprog to ./output/872/myprog
Successfully copied ./myprog to ./output/873/myprog
Successfully copied ./myprog to ./output/874/myprog
Successfully copied ./myprog to ./output/875/myprog
Successfully copied ./myprog to ./output/876/myprog
Successfully copied ./myprog to ./output/877/myprog
Successfully copied ./myprog to ./output/878/myprog
Successfully copied ./myprog to ./output/879/myprog
Successfully copied ./myprog to ./output/880/myprog
Successfully copied ./myprog to ./output/881/myprog
Successfully copied ./myprog to ./output/882/myprog
Successfully copied ./myprog to ./output/883/myprog
Successfully copied ./myprog to ./output/884/myprog
Successfully copied ./myprog to ./output/885/myprog
Successfully copied ./myprog to ./output/886/myprog
Successfully copied ./myprog to ./output/887/myprog
Successfully copied ./myprog to ./output/888/myprog
Successfully copied ./myprog to ./output/889/myprog
Successfully copied ./myprog to ./output/890/myprog
Successfully copied ./myprog to ./output/891/myprog
Successfully copied ./myprog to ./output/892/myprog
Successfully copied ./myprog to ./output/893/myprog
Successfully copied ./myprog to ./output/894/myprog
Successfully copied ./myprog to ./output/895/myprog
Successfully copied ./myprog to ./output/896/myprog
Successfully copied ./myprog to ./output/897/myprog
Successfully copied ./myprog to ./output/898/myprog
Successfully copied ./myprog to ./output/899/myprog
Successfully copied ./myprog to ./output/900/myprog
Successfully copied ./myprog to ./output/901/myprog
Successfully copied ./myprog to ./output/902/myprog
Successfully copied ./myprog to ./output/903/myprog
Successfully copied ./myprog to ./output/904/myprog
Successfully copied ./myprog to ./output/905/myprog
Successfully copied ./myprog to ./output/906/myprog
Successfully copied ./myprog to ./output/907/myprog
Successfully copied ./myprog to ./output/908/myprog
Successfully copied ./myprog to ./output/909/myprog
Successfully copied ./myprog to ./output/910/myprog
Successfully copied ./myprog to ./output/911/myprog
Successfully copied ./myprog to ./output/912/myprog
Successfully copied ./myprog to ./output/913/myprog
Successfully copied ./myprog to ./output/914/myprog
Successfully copied ./myprog to ./output/915/myprog
Successfully copied ./myprog to ./output/916/myprog
Successfully copied ./myprog to ./output/917/myprog
Successfully copied ./myprog to ./output/918/myprog
Successfully copied ./myprog to ./output/919/myprog
Successfully copied ./myprog to ./output/920/myprog
Successfully copied ./myprog to ./output/921/myprog
Successfully copied ./myprog to ./output/922/myprog
Successfully copied ./myprog to ./output/923/myprog
Successfully copied ./myprog to ./output/924/myprog
Successfully copied ./myprog to ./output/925/myprog
Successfully copied ./myprog to ./output/926/myprog
Successfully copied ./myprog to ./output/927/myprog
Successfully copied ./myprog to ./output/928/myprog
Successfully copied ./myprog to ./output/929/myprog
Successfully copied ./myprog to ./output/930/myprog
Successfully copied ./myprog to ./output/931/myprog
Successfully copied ./myprog to ./output/932/myprog
Successfully copied ./myprog to ./output/933/myprog
Successfully copied ./myprog to ./output/934/myprog
Successfully copied ./myprog to ./output/935/myprog
Successfully copied ./myprog to ./output/936/myprog
Successfully copied ./myprog to ./output/937/myprog
Successfully copied ./myprog to ./output/938/myprog
Successfully copied ./myprog to ./output/939/myprog
Successfully copied ./myprog to ./output/940/myprog
Successfully copied ./myprog to ./output/941/myprog
Successfully copied ./myprog to ./output/942/myprog
Successfully copied ./myprog to ./output/943/myprog
Successfully copied ./myprog to ./output/944/myprog
Successfully copied ./myprog to ./output/945/myprog
Successfully copied ./myprog to ./output/946/myprog
Successfully copied ./myprog to ./output/947/myprog
Successfully copied ./myprog to ./output/948/myprog
Successfully copied ./myprog to ./output/949/myprog
Successfully copied ./myprog to ./output/950/myprog
Successfully copied ./myprog to ./output/951/myprog
Successfully copied ./myprog to ./output/952/myprog
Successfully copied ./myprog to ./output/953/myprog
Successfully copied ./myprog to ./output/954/myprog
Successfully copied ./myprog to ./output/955/myprog
Successfully copied ./myprog to ./output/956/myprog
Successfully copied ./myprog to ./output/957/myprog
Successfully copied ./myprog to ./output/958/myprog
Successfully copied ./myprog to ./output/959/myprog
Successfully copied ./myprog to ./output/960/myprog
Successfully copied ./myprog to ./output/961/myprog
Successfully copied ./myprog to ./output/962/myprog
Successfully copied ./myprog to ./output/963/myprog
Successfully copied ./myprog to ./output/964/myprog
Successfully copied ./myprog to ./output/965/myprog
Successfully copied ./myprog to ./output/966/myprog
Successfully copied ./myprog to ./output/967/myprog
Successfully copied ./myprog to ./output/968/myprog
Successfully copied ./myprog to ./output/969/myprog
Successfully copied ./myprog to ./output/970/myprog
Successfully copied ./myprog to ./output/971/myprog
Successfully copied ./myprog to ./output/972/myprog
Successfully copied ./myprog to ./output/973/myprog
Successfully copied ./myprog to ./output/974/myprog
Successfully copied ./myprog to ./output/975/myprog
Successfully copied ./myprog to ./output/976/myprog
Successfully copied ./myprog to ./output/977/myprog
Successfully copied ./myprog to ./output/978/myprog
Successfully copied ./myprog to ./output/979/myprog
Successfully copied ./myprog to ./output/980/myprog
Successfully copied ./myprog to ./output/981/myprog
Successfully copied ./myprog to ./output/982/myprog
Successfully copied ./myprog to ./output/983/myprog
Successfully copied ./myprog to ./output/984/myprog
Successfully copied ./myprog to ./output/985/myprog
Successfully copied ./myprog to ./output/986/myprog
Successfully copied ./myprog to ./output/987/myprog
Successfully copied ./myprog to ./output/988/myprog
Successfully copied ./myprog to ./output/989/myprog
Successfully copied ./myprog to ./output/990/myprog
Successfully copied ./myprog to ./output/991/myprog
Successfully copied ./myprog to ./output/992/myprog
Successfully copied ./myprog to ./output/993/myprog
Successfully copied ./myprog to ./output/994/myprog
Successfully copied ./myprog to ./output/995/myprog
Successfully copied ./myprog to ./output/996/myprog
Successfully copied ./myprog to ./output/997/myprog
Successfully copied ./myprog to ./output/998/myprog
Successfully copied ./myprog to ./output/999/myprog
Successfully copied ./myprog to ./output/1000/myprog
Successfully copied ./myprog to ./output/1001/myprog
Successfully copied ./myprog to ./output/1002/myprog
Successfully copied ./myprog to ./output/1003/myprog
Successfully copied ./myprog to ./output/1004/myprog
Successfully copied ./myprog to ./output/1005/myprog
Successfully copied ./myprog to ./output/1006/myprog
Successfully copied ./myprog to ./output/1007/myprog
Successfully copied ./myprog to ./output/1008/myprog
Successfully copied ./myprog to ./output/1009/myprog
Successfully copied ./myprog to ./output/1010/myprog
Successfully copied ./myprog to ./output/1011/myprog
Successfully copied ./myprog to ./output/1012/myprog
Successfully copied ./myprog to ./output/1013/myprog
Successfully copied ./myprog to ./output/1014/myprog
Successfully copied ./myprog to ./output/1015/myprog
Successfully copied ./myprog to ./output/1016/myprog
Successfully copied ./myprog to ./output/1017/myprog
Successfully copied ./myprog to ./output/1018/myprog
Successfully copied ./myprog to ./output/1019/myprog
Successfully copied ./myprog to ./output/1020/myprog
Successfully copied ./myprog to ./output/1021/myprog
Successfully copied ./myprog to ./output/1022/myprog
Successfully copied ./myprog to ./output/1023/myprog
Successfully copied ./myprog to ./output/1024/myprog
Successfully copied ./myprog to ./output/1025/myprog
Successfully copied ./myprog to ./output/1026/myprog
Successfully copied ./myprog to ./output/1027/myprog
Successfully copied ./myprog to ./output/1028/myprog
Successfully copied ./myprog to ./output/1029/myprog
Successfully copied ./myprog to ./output/1030/myprog
Successfully copied ./myprog to ./output/1031/myprog
Successfully copied ./myprog to ./output/1032/myprog
Successfully copied ./myprog to ./output/1033/myprog
Successfully copied ./myprog to ./output/1034/myprog
Successfully copied ./myprog to ./output/1035/myprog
Successfully copied ./myprog to ./output/1036/myprog
Successfully copied ./myprog to ./output/1037/myprog
Successfully copied ./myprog to ./output/1038/myprog
Successfully copied ./myprog to ./output/1039/myprog
Successfully copied ./myprog to ./output/1040/myprog
Successfully copied ./myprog to ./output/1041/myprog
Successfully copied ./myprog to ./output/1042/myprog
Successfully copied ./myprog to ./output/1043/myprog
Successfully copied ./myprog to ./output/1044/myprog
Successfully copied ./myprog to ./output/1045/myprog
Successfully copied ./myprog to ./output/1046/myprog
Successfully copied ./myprog to ./output/1047/myprog
Successfully copied ./myprog to ./output/1048/myprog
Successfully copied ./myprog to ./output/1049/myprog
Successfully copied ./myprog to ./output/1050/myprog
Successfully copied ./myprog to ./output/1051/myprog
Successfully copied ./myprog to ./output/1052/myprog
Successfully copied ./myprog to ./output/1053/myprog
Successfully copied ./myprog to ./output/1054/myprog
Successfully copied ./myprog to ./output/1055/myprog
Successfully copied ./myprog to ./output/1056/myprog
Successfully copied ./myprog to ./output/1057/myprog
Successfully copied ./myprog to ./output/1058/myprog
Successfully copied ./myprog to ./output/1059/myprog
Successfully copied ./myprog to ./output/1060/myprog
Successfully copied ./myprog to ./output/1061/myprog
Successfully copied ./myprog to ./output/1062/myprog
Successfully copied ./myprog to ./output/1063/myprog
Successfully copied ./myprog to ./output/1064/myprog
Successfully copied ./myprog to ./output/1065/myprog
Successfully copied ./myprog to ./output/1066/myprog
Successfully copied ./myprog to ./output/1067/myprog
Successfully copied ./myprog to ./output/1068/myprog
Successfully copied ./myprog to ./output/1069/myprog
Successfully copied ./myprog to ./output/1070/myprog
Successfully copied ./myprog to ./output/1071/myprog
Successfully copied ./myprog to ./output/1072/myprog
Successfully copied ./myprog to ./output/1073/myprog
Successfully copied ./myprog to ./output/1074/myprog
Successfully copied ./myprog to ./output/1075/myprog
Successfully copied ./myprog to ./output/1076/myprog
Successfully copied ./myprog to ./output/1077/myprog
Successfully copied ./myprog to ./output/1078/myprog
Successfully copied ./myprog to ./output/1079/myprog
Successfully copied ./myprog to ./output/1080/myprog
Successfully copied ./myprog to ./output/1081/myprog
Successfully copied ./myprog to ./output/1082/myprog
Successfully copied ./myprog to ./output/1083/myprog
Successfully copied ./myprog to ./output/1084/myprog
Successfully copied ./myprog to ./output/1085/myprog
Successfully copied ./myprog to ./output/1086/myprog
Successfully copied ./myprog to ./output/1087/myprog
Successfully copied ./myprog to ./output/1088/myprog
Successfully copied ./myprog to ./output/1089/myprog
Successfully copied ./myprog to ./output/1090/myprog
Successfully copied ./myprog to ./output/1091/myprog
Successfully copied ./myprog to ./output/1092/myprog
Successfully copied ./myprog to ./output/1093/myprog
Successfully copied ./myprog to ./output/1094/myprog
Successfully copied ./myprog to ./output/1095/myprog
Successfully copied ./myprog to ./output/1096/myprog
Successfully copied ./myprog to ./output/1097/myprog
Successfully copied ./myprog to ./output/1098/myprog
Successfully copied ./myprog to ./output/1099/myprog
Successfully copied ./myprog to ./output/1100/myprog
Successfully copied ./myprog to ./output/1101/myprog
Successfully copied ./myprog to ./output/1102/myprog
Successfully copied ./myprog to ./output/1103/myprog
Successfully copied ./myprog to ./output/1104/myprog
Successfully copied ./myprog to ./output/1105/myprog
Successfully copied ./myprog to ./output/1106/myprog
Successfully copied ./myprog to ./output/1107/myprog
Successfully copied ./myprog to ./output/1108/myprog
Successfully copied ./myprog to ./output/1109/myprog
Successfully copied ./myprog to ./output/1110/myprog
Successfully copied ./myprog to ./output/1111/myprog
Successfully copied ./myprog to ./output/1112/myprog
Successfully copied ./myprog to ./output/1113/myprog
Successfully copied ./myprog to ./output/1114/myprog
Successfully copied ./myprog to ./output/1115/myprog
Successfully copied ./myprog to ./output/1116/myprog
Successfully copied ./myprog to ./output/1117/myprog
Successfully copied ./myprog to ./output/1118/myprog
Successfully copied ./myprog to ./output/1119/myprog
Successfully copied ./myprog to ./output/1120/myprog
Successfully copied ./myprog to ./output/1121/myprog
Successfully copied ./myprog to ./output/1122/myprog
Successfully copied ./myprog to ./output/1123/myprog
Successfully copied ./myprog to ./output/1124/myprog
Successfully copied ./myprog to ./output/1125/myprog
Successfully copied ./myprog to ./output/1126/myprog
Successfully copied ./myprog to ./output/1127/myprog
Successfully copied ./myprog to ./output/1128/myprog
Successfully copied ./myprog to ./output/1129/myprog
Successfully copied ./myprog to ./output/1130/myprog
Successfully copied ./myprog to ./output/1131/myprog
Successfully copied ./myprog to ./output/1132/myprog
Successfully copied ./myprog to ./output/1133/myprog
Successfully copied ./myprog to ./output/1134/myprog
Successfully copied ./myprog to ./output/1135/myprog
Successfully copied ./myprog to ./output/1136/myprog
Successfully copied ./myprog to ./output/1137/myprog
Successfully copied ./myprog to ./output/1138/myprog
Successfully copied ./myprog to ./output/1139/myprog
Successfully copied ./myprog to ./output/1140/myprog
Successfully copied ./myprog to ./output/1141/myprog
Successfully copied ./myprog to ./output/1142/myprog
Successfully copied ./myprog to ./output/1143/myprog
Successfully copied ./myprog to ./output/1144/myprog
Successfully copied ./myprog to ./output/1145/myprog
Successfully copied ./myprog to ./output/1146/myprog
Successfully copied ./myprog to ./output/1147/myprog
Successfully copied ./myprog to ./output/1148/myprog
Successfully copied ./myprog to ./output/1149/myprog
Successfully copied ./myprog to ./output/1150/myprog
Successfully copied ./myprog to ./output/1151/myprog
Successfully copied ./myprog to ./output/1152/myprog
Successfully copied ./myprog to ./output/1153/myprog
Successfully copied ./myprog to ./output/1154/myprog
Successfully copied ./myprog to ./output/1155/myprog
Successfully copied ./myprog to ./output/1156/myprog
Successfully copied ./myprog to ./output/1157/myprog
Successfully copied ./myprog to ./output/1158/myprog
Successfully copied ./myprog to ./output/1159/myprog
Successfully copied ./myprog to ./output/1160/myprog
Successfully copied ./myprog to ./output/1161/myprog
Successfully copied ./myprog to ./output/1162/myprog
Successfully copied ./myprog to ./output/1163/myprog
Successfully copied ./myprog to ./output/1164/myprog
Successfully copied ./myprog to ./output/1165/myprog
Successfully copied ./myprog to ./output/1166/myprog
Successfully copied ./myprog to ./output/1167/myprog
Successfully copied ./myprog to ./output/1168/myprog
Successfully copied ./myprog to ./output/1169/myprog
Successfully copied ./myprog to ./output/1170/myprog
Successfully copied ./myprog to ./output/1171/myprog
Successfully copied ./myprog to ./output/1172/myprog
Successfully copied ./myprog to ./output/1173/myprog
Successfully copied ./myprog to ./output/1174/myprog
Successfully copied ./myprog to ./output/1175/myprog
Successfully copied ./myprog to ./output/1176/myprog
Successfully copied ./myprog to ./output/1177/myprog
Successfully copied ./myprog to ./output/1178/myprog
Successfully copied ./myprog to ./output/1179/myprog
Successfully copied ./myprog to ./output/1180/myprog
Successfully copied ./myprog to ./output/1181/myprog
Successfully copied ./myprog to ./output/1182/myprog
Successfully copied ./myprog to ./output/1183/myprog
Successfully copied ./myprog to ./output/1184/myprog
Successfully copied ./myprog to ./output/1185/myprog
Successfully copied ./myprog to ./output/1186/myprog
Successfully copied ./myprog to ./output/1187/myprog
Successfully copied ./myprog to ./output/1188/myprog
Successfully copied ./myprog to ./output/1189/myprog
Successfully copied ./myprog to ./output/1190/myprog
Successfully copied ./myprog to ./output/1191/myprog
Successfully copied ./myprog to ./output/1192/myprog
Successfully copied ./myprog to ./output/1193/myprog
Successfully copied ./myprog to ./output/1194/myprog
Successfully copied ./myprog to ./output/1195/myprog
Successfully copied ./myprog to ./output/1196/myprog
Successfully copied ./myprog to ./output/1197/myprog
Successfully copied ./myprog to ./output/1198/myprog
Successfully copied ./myprog to ./output/1199/myprog
Successfully copied ./myprog to ./output/1200/myprog
Successfully copied ./myprog to ./output/1201/myprog
Successfully copied ./myprog to ./output/1202/myprog
Successfully copied ./myprog to ./output/1203/myprog
Successfully copied ./myprog to ./output/1204/myprog
Successfully copied ./myprog to ./output/1205/myprog
Successfully copied ./myprog to ./output/1206/myprog
Successfully copied ./myprog to ./output/1207/myprog
Successfully copied ./myprog to ./output/1208/myprog
Successfully copied ./myprog to ./output/1209/myprog
Successfully copied ./myprog to ./output/1210/myprog
Successfully copied ./myprog to ./output/1211/myprog
Successfully copied ./myprog to ./output/1212/myprog
Successfully copied ./myprog to ./output/1213/myprog
Successfully copied ./myprog to ./output/1214/myprog
Successfully copied ./myprog to ./output/1215/myprog
Successfully copied ./myprog to ./output/1216/myprog
Successfully copied ./myprog to ./output/1217/myprog
Successfully copied ./myprog to ./output/1218/myprog
Successfully copied ./myprog to ./output/1219/myprog
Successfully copied ./myprog to ./output/1220/myprog
Successfully copied ./myprog to ./output/1221/myprog
Successfully copied ./myprog to ./output/1222/myprog
Successfully copied ./myprog to ./output/1223/myprog
Successfully copied ./myprog to ./output/1224/myprog
Successfully copied ./myprog to ./output/1225/myprog
Successfully copied ./myprog to ./output/1226/myprog
Successfully copied ./myprog to ./output/1227/myprog
Successfully copied ./myprog to ./output/1228/myprog
Successfully copied ./myprog to ./output/1229/myprog
Successfully copied ./myprog to ./output/1230/myprog
Successfully copied ./myprog to ./output/1231/myprog
Successfully copied ./myprog to ./output/1232/myprog
Successfully copied ./myprog to ./output/1233/myprog
Successfully copied ./myprog to ./output/1234/myprog
Successfully copied ./myprog to ./output/1235/myprog
Successfully copied ./myprog to ./output/1236/myprog
Successfully copied ./myprog to ./output/1237/myprog
Successfully copied ./myprog to ./output/1238/myprog
Successfully copied ./myprog to ./output/1239/myprog
Successfully copied ./myprog to ./output/1240/myprog
Successfully copied ./myprog to ./output/1241/myprog
Successfully copied ./myprog to ./output/1242/myprog
Successfully copied ./myprog to ./output/1243/myprog
Successfully copied ./myprog to ./output/1244/myprog
Successfully copied ./myprog to ./output/1245/myprog
Successfully copied ./myprog to ./output/1246/myprog
Successfully copied ./myprog to ./output/1247/myprog
Successfully copied ./myprog to ./output/1248/myprog
Successfully copied ./myprog to ./output/1249/myprog
Successfully copied ./myprog to ./output/1250/myprog
Successfully copied ./myprog to ./output/1251/myprog
Successfully copied ./myprog to ./output/1252/myprog
Successfully copied ./myprog to ./output/1253/myprog
Successfully copied ./myprog to ./output/1254/myprog
Successfully copied ./myprog to ./output/1255/myprog
Successfully copied ./myprog to ./output/1256/myprog
Successfully copied ./myprog to ./output/1257/myprog
Successfully copied ./myprog to ./output/1258/myprog
Successfully copied ./myprog to ./output/1259/myprog
Successfully copied ./myprog to ./output/1260/myprog
Successfully copied ./myprog to ./output/1261/myprog
Successfully copied ./myprog to ./output/1262/myprog
Successfully copied ./myprog to ./output/1263/myprog
Successfully copied ./myprog to ./output/1264/myprog
Successfully copied ./myprog to ./output/1265/myprog
Successfully copied ./myprog to ./output/1266/myprog
Successfully copied ./myprog to ./output/1267/myprog
Successfully copied ./myprog to ./output/1268/myprog
Successfully copied ./myprog to ./output/1269/myprog
Successfully copied ./myprog to ./output/1270/myprog
Successfully copied ./myprog to ./output/1271/myprog
Successfully copied ./myprog to ./output/1272/myprog
Successfully copied ./myprog to ./output/1273/myprog
Successfully copied ./myprog to ./output/1274/myprog
Successfully copied ./myprog to ./output/1275/myprog
Successfully copied ./myprog to ./output/1276/myprog
Successfully copied ./myprog to ./output/1277/myprog
Successfully copied ./myprog to ./output/1278/myprog
Successfully copied ./myprog to ./output/1279/myprog
Successfully copied ./myprog to ./output/1280/myprog
Successfully copied ./myprog to ./output/1281/myprog
Successfully copied ./myprog to ./output/1282/myprog
Successfully copied ./myprog to ./output/1283/myprog
Successfully copied ./myprog to ./output/1284/myprog
Successfully copied ./myprog to ./output/1285/myprog
Successfully copied ./myprog to ./output/1286/myprog
Successfully copied ./myprog to ./output/1287/myprog
Successfully copied ./myprog to ./output/1288/myprog
Successfully copied ./myprog to ./output/1289/myprog
Successfully copied ./myprog to ./output/1290/myprog
Successfully copied ./myprog to ./output/1291/myprog
Successfully copied ./myprog to ./output/1292/myprog
Successfully copied ./myprog to ./output/1293/myprog
Successfully copied ./myprog to ./output/1294/myprog
Successfully copied ./myprog to ./output/1295/myprog
Successfully copied ./myprog to ./output/1296/myprog
Successfully copied ./myprog to ./output/1297/myprog
Successfully copied ./myprog to ./output/1298/myprog
Successfully copied ./myprog to ./output/1299/myprog
Successfully copied ./myprog to ./output/1300/myprog
Successfully copied ./myprog to ./output/1301/myprog
Successfully copied ./myprog to ./output/1302/myprog
Successfully copied ./myprog to ./output/1303/myprog
Successfully copied ./myprog to ./output/1304/myprog
Successfully copied ./myprog to ./output/1305/myprog
Successfully copied ./myprog to ./output/1306/myprog
Successfully copied ./myprog to ./output/1307/myprog
Successfully copied ./myprog to ./output/1308/myprog
Successfully copied ./myprog to ./output/1309/myprog
Successfully copied ./myprog to ./output/1310/myprog
Successfully copied ./myprog to ./output/1311/myprog
Successfully copied ./myprog to ./output/1312/myprog
Successfully copied ./myprog to ./output/1313/myprog
Successfully copied ./myprog to ./output/1314/myprog
Successfully copied ./myprog to ./output/1315/myprog
Successfully copied ./myprog to ./output/1316/myprog
Successfully copied ./myprog to ./output/1317/myprog
Successfully copied ./myprog to ./output/1318/myprog
Successfully copied ./myprog to ./output/1319/myprog
Successfully copied ./myprog to ./output/1320/myprog
Successfully copied ./myprog to ./output/1321/myprog
Successfully copied ./myprog to ./output/1322/myprog
Successfully copied ./myprog to ./output/1323/myprog
Successfully copied ./myprog to ./output/1324/myprog
Successfully copied ./myprog to ./output/1325/myprog
Successfully copied ./myprog to ./output/1326/myprog
Successfully copied ./myprog to ./output/1327/myprog
Successfully copied ./myprog to ./output/1328/myprog
Successfully copied ./myprog to ./output/1329/myprog
Successfully copied ./myprog to ./output/1330/myprog
Successfully copied ./myprog to ./output/1331/myprog
Successfully copied ./myprog to ./output/1332/myprog
Successfully copied ./myprog to ./output/1333/myprog
Successfully copied ./myprog to ./output/1334/myprog
Successfully copied ./myprog to ./output/1335/myprog
Successfully copied ./myprog to ./output/1336/myprog
Successfully copied ./myprog to ./output/1337/myprog
Successfully copied ./myprog to ./output/1338/myprog
Successfully copied ./myprog to ./output/1339/myprog
Successfully copied ./myprog to ./output/1340/myprog
Successfully copied ./myprog to ./output/1341/myprog
Successfully copied ./myprog to ./output/1342/myprog
Successfully copied ./myprog to ./output/1343/myprog
Successfully copied ./myprog to ./output/1344/myprog
Successfully copied ./myprog to ./output/1345/myprog
Successfully copied ./myprog to ./output/1346/myprog
Successfully copied ./myprog to ./output/1347/myprog
Successfully copied ./myprog to ./output/1348/myprog
Successfully copied ./myprog to ./output/1349/myprog
Successfully copied ./myprog to ./output/1350/myprog
Successfully copied ./myprog to ./output/1351/myprog
Successfully copied ./myprog to ./output/1352/myprog
Successfully copied ./myprog to ./output/1353/myprog
Successfully copied ./myprog to ./output/1354/myprog
Successfully copied ./myprog to ./output/1355/myprog
Successfully copied ./myprog to ./output/1356/myprog
Successfully copied ./myprog to ./output/1357/myprog
Successfully copied ./myprog to ./output/1358/myprog
Successfully copied ./myprog to ./output/1359/myprog
Successfully copied ./myprog to ./output/1360/myprog
Successfully copied ./myprog to ./output/1361/myprog
Successfully copied ./myprog to ./output/1362/myprog
Successfully copied ./myprog to ./output/1363/myprog
Successfully copied ./myprog to ./output/1364/myprog
Successfully copied ./myprog to ./output/1365/myprog
Successfully copied ./myprog to ./output/1366/myprog
Successfully copied ./myprog to ./output/1367/myprog
Successfully copied ./myprog to ./output/1368/myprog
Successfully copied ./myprog to ./output/1369/myprog
Successfully copied ./myprog to ./output/1370/myprog
Successfully copied ./myprog to ./output/1371/myprog
Successfully copied ./myprog to ./output/1372/myprog
Successfully copied ./myprog to ./output/1373/myprog
Successfully copied ./myprog to ./output/1374/myprog
Successfully copied ./myprog to ./output/1375/myprog
Successfully copied ./myprog to ./output/1376/myprog
Successfully copied ./myprog to ./output/1377/myprog
Successfully copied ./myprog to ./output/1378/myprog
Successfully copied ./myprog to ./output/1379/myprog
Successfully copied ./myprog to ./output/1380/myprog
Successfully copied ./myprog to ./output/1381/myprog
Successfully copied ./myprog to ./output/1382/myprog
Successfully copied ./myprog to ./output/1383/myprog
Successfully copied ./myprog to ./output/1384/myprog
Successfully copied ./myprog to ./output/1385/myprog
Successfully copied ./myprog to ./output/1386/myprog
Successfully copied ./myprog to ./output/1387/myprog
Successfully copied ./myprog to ./output/1388/myprog
Successfully copied ./myprog to ./output/1389/myprog
Successfully copied ./myprog to ./output/1390/myprog
Successfully copied ./myprog to ./output/1391/myprog
Successfully copied ./myprog to ./output/1392/myprog
Successfully copied ./myprog to ./output/1393/myprog
Successfully copied ./myprog to ./output/1394/myprog
Successfully copied ./myprog to ./output/1395/myprog
Successfully copied ./myprog to ./output/1396/myprog
Successfully copied ./myprog to ./output/1397/myprog
Successfully copied ./myprog to ./output/1398/myprog
Successfully copied ./myprog to ./output/1399/myprog
Successfully copied ./myprog to ./output/1400/myprog
Successfully copied ./myprog to ./output/1401/myprog
Successfully copied ./myprog to ./output/1402/myprog
Successfully copied ./myprog to ./output/1403/myprog
Successfully copied ./myprog to ./output/1404/myprog
Successfully copied ./myprog to ./output/1405/myprog
Successfully copied ./myprog to ./output/1406/myprog
Successfully copied ./myprog to ./output/1407/myprog
Successfully copied ./myprog to ./output/1408/myprog
Successfully copied ./myprog to ./output/1409/myprog
Successfully copied ./myprog to ./output/1410/myprog
Successfully copied ./myprog to ./output/1411/myprog
Successfully copied ./myprog to ./output/1412/myprog
Successfully copied ./myprog to ./output/1413/myprog
Successfully copied ./myprog to ./output/1414/myprog
Successfully copied ./myprog to ./output/1415/myprog
Successfully copied ./myprog to ./output/1416/myprog
Successfully copied ./myprog to ./output/1417/myprog
Successfully copied ./myprog to ./output/1418/myprog
Successfully copied ./myprog to ./output/1419/myprog
Successfully copied ./myprog to ./output/1420/myprog
Successfully copied ./myprog to ./output/1421/myprog
Successfully copied ./myprog to ./output/1422/myprog
Successfully copied ./myprog to ./output/1423/myprog
Successfully copied ./myprog to ./output/1424/myprog
Successfully copied ./myprog to ./output/1425/myprog
Successfully copied ./myprog to ./output/1426/myprog
Successfully copied ./myprog to ./output/1427/myprog
Successfully copied ./myprog to ./output/1428/myprog
Successfully copied ./myprog to ./output/1429/myprog
Successfully copied ./myprog to ./output/1430/myprog
Successfully copied ./myprog to ./output/1431/myprog
Successfully copied ./myprog to ./output/1432/myprog
Successfully copied ./myprog to ./output/1433/myprog
Successfully copied ./myprog to ./output/1434/myprog
Successfully copied ./myprog to ./output/1435/myprog
Successfully copied ./myprog to ./output/1436/myprog
Successfully copied ./myprog to ./output/1437/myprog
Successfully copied ./myprog to ./output/1438/myprog
Successfully copied ./myprog to ./output/1439/myprog
Successfully copied ./myprog to ./output/1440/myprog
Successfully copied ./myprog to ./output/1441/myprog
Successfully copied ./myprog to ./output/1442/myprog
Successfully copied ./myprog to ./output/1443/myprog
Successfully copied ./myprog to ./output/1444/myprog
Successfully copied ./myprog to ./output/1445/myprog
Successfully copied ./myprog to ./output/1446/myprog
Successfully copied ./myprog to ./output/1447/myprog
Successfully copied ./myprog to ./output/1448/myprog
Successfully copied ./myprog to ./output/1449/myprog
Successfully copied ./myprog to ./output/1450/myprog
Successfully copied ./myprog to ./output/1451/myprog
Successfully copied ./myprog to ./output/1452/myprog
Successfully copied ./myprog to ./output/1453/myprog
Successfully copied ./myprog to ./output/1454/myprog
Successfully copied ./myprog to ./output/1455/myprog
Successfully copied ./myprog to ./output/1456/myprog
Successfully copied ./myprog to ./output/1457/myprog
Successfully copied ./myprog to ./output/1458/myprog
Successfully copied ./myprog to ./output/1459/myprog
Successfully copied ./myprog to ./output/1460/myprog
Successfully copied ./myprog to ./output/1461/myprog
Successfully copied ./myprog to ./output/1462/myprog
Successfully copied ./myprog to ./output/1463/myprog
Successfully copied ./myprog to ./output/1464/myprog
Successfully copied ./myprog to ./output/1465/myprog
Successfully copied ./myprog to ./output/1466/myprog
Successfully copied ./myprog to ./output/1467/myprog
Successfully copied ./myprog to ./output/1468/myprog
Successfully copied ./myprog to ./output/1469/myprog
Successfully copied ./myprog to ./output/1470/myprog
Successfully copied ./myprog to ./output/1471/myprog
Successfully copied ./myprog to ./output/1472/myprog
Successfully copied ./myprog to ./output/1473/myprog
Successfully copied ./myprog to ./output/1474/myprog
Successfully copied ./myprog to ./output/1475/myprog
Successfully copied ./myprog to ./output/1476/myprog
Successfully copied ./myprog to ./output/1477/myprog
Successfully copied ./myprog to ./output/1478/myprog
Successfully copied ./myprog to ./output/1479/myprog
Successfully copied ./myprog to ./output/1480/myprog
Successfully copied ./myprog to ./output/1481/myprog
Successfully copied ./myprog to ./output/1482/myprog
Successfully copied ./myprog to ./output/1483/myprog
Successfully copied ./myprog to ./output/1484/myprog
Successfully copied ./myprog to ./output/1485/myprog
Successfully copied ./myprog to ./output/1486/myprog
Successfully copied ./myprog to ./output/1487/myprog
Successfully copied ./myprog to ./output/1488/myprog
Successfully copied ./myprog to ./output/1489/myprog
Successfully copied ./myprog to ./output/1490/myprog
Successfully copied ./myprog to ./output/1491/myprog
Successfully copied ./myprog to ./output/1492/myprog
Successfully copied ./myprog to ./output/1493/myprog
Successfully copied ./myprog to ./output/1494/myprog
Successfully copied ./myprog to ./output/1495/myprog
Successfully copied ./myprog to ./output/1496/myprog
Successfully copied ./myprog to ./output/1497/myprog
Successfully copied ./myprog to ./output/1498/myprog
Successfully copied ./myprog to ./output/1499/myprog
Successfully copied ./myprog to ./output/1500/myprog
